Using pre-set license
Built from '2020.3/staging' branch; Version is '2020.3.17f1 (a4537701e4ab) revision 10769271'; Using compiler version '192528614'; Build Type 'Release'
OS: 'Windows 10 Pro; OS build 19042.1165; Version 2009; 64bit' Language: 'en' Physical Memory: 32660 MB
BatchMode: 1, IsHumanControllingUs: 0, StartBugReporterOnCrash: 0, Is64bit: 1, IsPro: 0

COMMAND LINE ARGUMENTS:
C:\Program Files\Unity\Hub\Editor\2020.3.17f1\Editor\Unity.exe
-adb2
-batchMode
-noUpm
-name
AssetImportWorker0
-projectPath
C:/Users/PC/Desktop/AlternateRealitiesRepo/BonsaiGardenAssignment
-logFile
Logs/AssetImportWorker0.log
-srvPort
50566
Successfully changed project path to: C:/Users/PC/Desktop/AlternateRealitiesRepo/BonsaiGardenAssignment
C:/Users/PC/Desktop/AlternateRealitiesRepo/BonsaiGardenAssignment
Using Asset Import Pipeline V2.
Refreshing native plugins compatible for Editor in 44.15 ms, found 2 plugins.
Preloading 0 native plugins for Editor in 0.00 ms.
Initialize engine version: 2020.3.17f1 (a4537701e4ab)
[Subsystems] Discovering subsystems at path C:/Program Files/Unity/Hub/Editor/2020.3.17f1/Editor/Data/Resources/UnitySubsystems
[Subsystems] Discovering subsystems at path C:/Users/PC/Desktop/AlternateRealitiesRepo/BonsaiGardenAssignment/Assets
GfxDevice: creating device client; threaded=0
Direct3D:
    Version:  Direct3D 11.0 [level 11.1]
    Renderer: NVIDIA GeForce RTX 3070 (ID=0x2484)
    Vendor:   
    VRAM:     8043 MB
    Driver:   27.21.14.6089
Initialize mono
Mono path[0] = 'C:/Program Files/Unity/Hub/Editor/2020.3.17f1/Editor/Data/Managed'
Mono path[1] = 'C:/Program Files/Unity/Hub/Editor/2020.3.17f1/Editor/Data/MonoBleedingEdge/lib/mono/unityjit'
Mono config path = 'C:/Program Files/Unity/Hub/Editor/2020.3.17f1/Editor/Data/MonoBleedingEdge/etc'
Using monoOptions --debugger-agent=transport=dt_socket,embedding=1,server=y,suspend=n,address=127.0.0.1:56872
Begin MonoManager ReloadAssembly
Registering precompiled unity dll's ...
Register platform support module: C:/Program Files/Unity/Hub/Editor/2020.3.17f1/Editor/Data/PlaybackEngines/WindowsStandaloneSupport/UnityEditor.WindowsStandalone.Extensions.dll
Register platform support module: C:/Program Files/Unity/Hub/Editor/2020.3.17f1/Editor/Data/PlaybackEngines/LinuxStandaloneSupport/UnityEditor.LinuxStandalone.Extensions.dll
Registered in 0.001734 seconds.
Native extension for LinuxStandalone target not found
Native extension for WindowsStandalone target not found
Refreshing native plugins compatible for Editor in 46.98 ms, found 2 plugins.
Preloading 0 native plugins for Editor in 0.00 ms.
Mono: successfully reloaded assembly
- Completed reload, in  1.133 seconds
Domain Reload Profiling:
	ReloadAssembly (1133ms)
		BeginReloadAssembly (45ms)
			ExecutionOrderSort (0ms)
			DisableScriptedObjects (0ms)
			BackupInstance (0ms)
			ReleaseScriptingObjects (0ms)
			CreateAndSetChildDomain (1ms)
		EndReloadAssembly (348ms)
			LoadAssemblies (43ms)
			RebuildTransferFunctionScriptingTraits (0ms)
			SetupTypeCache (123ms)
			ReleaseScriptCaches (0ms)
			RebuildScriptCaches (24ms)
			SetupLoadedEditorAssemblies (147ms)
				LogAssemblyErrors (0ms)
				InitializePlatformSupportModulesInManaged (4ms)
				SetLoadedEditorAssemblies (0ms)
				RefreshPlugins (47ms)
				BeforeProcessingInitializeOnLoad (10ms)
				ProcessInitializeOnLoadAttributes (63ms)
				ProcessInitializeOnLoadMethodAttributes (22ms)
				AfterProcessingInitializeOnLoad (0ms)
				EditorAssembliesLoaded (0ms)
			ExecutionOrderSort2 (0ms)
			AwakeInstancesAfterBackupRestoration (0ms)
Platform modules already initialized, skipping
Registering precompiled user dll's ...
Registered in 0.003331 seconds.
Begin MonoManager ReloadAssembly
Native extension for LinuxStandalone target not found
Native extension for WindowsStandalone target not found
Refreshing native plugins compatible for Editor in 46.11 ms, found 2 plugins.
Preloading 0 native plugins for Editor in 0.00 ms.
Mono: successfully reloaded assembly
- Completed reload, in  0.992 seconds
Domain Reload Profiling:
	ReloadAssembly (992ms)
		BeginReloadAssembly (115ms)
			ExecutionOrderSort (0ms)
			DisableScriptedObjects (4ms)
			BackupInstance (0ms)
			ReleaseScriptingObjects (0ms)
			CreateAndSetChildDomain (15ms)
		EndReloadAssembly (829ms)
			LoadAssemblies (74ms)
			RebuildTransferFunctionScriptingTraits (0ms)
			SetupTypeCache (255ms)
			ReleaseScriptCaches (0ms)
			RebuildScriptCaches (40ms)
			SetupLoadedEditorAssemblies (366ms)
				LogAssemblyErrors (0ms)
				InitializePlatformSupportModulesInManaged (4ms)
				SetLoadedEditorAssemblies (0ms)
				RefreshPlugins (46ms)
				BeforeProcessingInitializeOnLoad (79ms)
				ProcessInitializeOnLoadAttributes (229ms)
				ProcessInitializeOnLoadMethodAttributes (3ms)
				AfterProcessingInitializeOnLoad (5ms)
				EditorAssembliesLoaded (0ms)
			ExecutionOrderSort2 (0ms)
			AwakeInstancesAfterBackupRestoration (5ms)
Platform modules already initialized, skipping
========================================================================
Worker process is ready to serve import requests
Launched and connected shader compiler UnityShaderCompiler.exe after 0.05 seconds
Refreshing native plugins compatible for Editor in 0.45 ms, found 2 plugins.
Preloading 0 native plugins for Editor in 0.00 ms.
Unloading 3159 Unused Serialized files (Serialized files now loaded: 0)
System memory in use before: 157.8 MB.
System memory in use after: 158.0 MB.

Unloading 18 unused Assets to reduce memory usage. Loaded Objects now: 3617.
Total: 2.712100 ms (FindLiveObjects: 0.252700 ms CreateObjectMapping: 0.130500 ms MarkObjects: 2.311100 ms  DeleteObjects: 0.017000 ms)

AssetImportParameters requested are different than current active one (requested -> active):
  custom:framework-win-MediaFoundation: 216162199b28c13a410421893ffa2e32 -> 
  custom:video-decoder-ogg-theora: a1e56fd34408186e4bbccfd4996cb3dc -> 
  custom:container-muxer-webm: aa71ff27fc2769a1b78a27578f13a17b -> 
  custom:container-demuxer-webm: 4f35f7cbe854078d1ac9338744f61a02 -> 
  custom:container-demuxer-ogg: 62fdf1f143b41e24485cea50d1cbac27 -> 
  custom:video-encoder-webm-vp8: eb34c28f22e8b96e1ab97ce403110664 -> 
  custom:video-decoder-webm-vp8: 9c59270c3fd7afecdb556c50c9e8de78 -> 
  custom:audio-decoder-ogg-vorbis: bf7c407c2cedff20999df2af8eb42d56 -> 
  custom:audio-encoder-webm-vorbis: bf7c407c2cedff20999df2af8eb42d56 -> 
========================================================================
Received Import Request.
  path: Assets/Samples/ProBuilder/4.5.2/Universal Render Pipeline Support/Material/ProBuilder Default URP.mat
  artifactKey: Guid(25a9fb42d361f46ad89221f6d301e96e) Importer(815301076,1909f56bfc062723c751e8b465ee728b)
Start importing Assets/Samples/ProBuilder/4.5.2/Universal Render Pipeline Support/Material/ProBuilder Default URP.mat using Guid(25a9fb42d361f46ad89221f6d301e96e) Importer(815301076,1909f56bfc062723c751e8b465ee728b)  -> (artifact id: 'c70b3283f32e039faf3bc9b66d87bdfe') in 0.077086 seconds 
  Import took 0.080852 seconds .

========================================================================
Received Import Request.
  Time since last request: 255.190375 seconds.
  path: Assets
  artifactKey: Guid(00000000000000001000000000000000) Importer(815301076,1909f56bfc062723c751e8b465ee728b)
Start importing Assets using Guid(00000000000000001000000000000000) Importer(815301076,1909f56bfc062723c751e8b465ee728b)  -> (artifact id: '42d402b061de3733987d63b9cc3b64de') in 0.005252 seconds 
  Import took 0.009699 seconds .

========================================================================
Received Import Request.
  Time since last request: 7.074546 seconds.
  path: Assets/settings
  artifactKey: Guid(53047d3984883434ab4ae4bf1aa5445f) Importer(815301076,1909f56bfc062723c751e8b465ee728b)
Start importing Assets/settings using Guid(53047d3984883434ab4ae4bf1aa5445f) Importer(815301076,1909f56bfc062723c751e8b465ee728b)  -> (artifact id: '3fbd4af2aaae14155951d470d067550f') in 0.006217 seconds 
  Import took 0.010024 seconds .

========================================================================
Received Import Request.
  Time since last request: 0.005120 seconds.
  path: Assets/settings
  artifactKey: Guid(53047d3984883434ab4ae4bf1aa5445f) Importer(815301076,1909f56bfc062723c751e8b465ee728b)
Start importing Assets/settings using Guid(53047d3984883434ab4ae4bf1aa5445f) Importer(815301076,1909f56bfc062723c751e8b465ee728b)  -> (artifact id: '3fbd4af2aaae14155951d470d067550f') in 0.002344 seconds 
  Import took 0.007003 seconds .

========================================================================
Received Import Request.
  Time since last request: 14.915128 seconds.
  path: Assets/settings/UniversalRenderPipelineAsset.asset
  artifactKey: Guid(b884e13b487e6fb4bb031fe0685ec552) Importer(815301076,1909f56bfc062723c751e8b465ee728b)
Start importing Assets/settings/UniversalRenderPipelineAsset.asset using Guid(b884e13b487e6fb4bb031fe0685ec552) Importer(815301076,1909f56bfc062723c751e8b465ee728b)  -> (artifact id: '69e2d34e921fb190435f87cd1dd5c0a1') in 0.032168 seconds 
  Import took 0.037080 seconds .

========================================================================
Received Import Request.
  Time since last request: 0.000155 seconds.
  path: Assets/settings/UniversalRenderPipelineAsset_Renderer.asset
  artifactKey: Guid(211d407457a909f4c9df49dbd8dca6de) Importer(815301076,1909f56bfc062723c751e8b465ee728b)
Start importing Assets/settings/UniversalRenderPipelineAsset_Renderer.asset using Guid(211d407457a909f4c9df49dbd8dca6de) Importer(815301076,1909f56bfc062723c751e8b465ee728b)  -> (artifact id: '1c7a85a58d3f2289576dd48dc8c4954b') in 0.018854 seconds 
  Import took 0.023338 seconds .

========================================================================
Received Prepare
Switching render pipeline 00000000000000000000000000000000 -> b884e13b487e6fb4bb031fe0685ec552
Refreshing native plugins compatible for Editor in 2.79 ms, found 2 plugins.
Preloading 0 native plugins for Editor in 0.00 ms.
Unloading 60 Unused Serialized files (Serialized files now loaded: 0)
System memory in use before: 96.6 MB.
System memory in use after: 96.8 MB.

Unloading 12 unused Assets to reduce memory usage. Loaded Objects now: 3705.
Total: 3.536500 ms (FindLiveObjects: 0.241300 ms CreateObjectMapping: 0.134200 ms MarkObjects: 3.151100 ms  DeleteObjects: 0.009400 ms)

AssetImportParameters requested are different than current active one (requested -> active):
  custom:framework-win-MediaFoundation: 216162199b28c13a410421893ffa2e32 -> 
  custom:video-decoder-ogg-theora: a1e56fd34408186e4bbccfd4996cb3dc -> 
  custom:container-muxer-webm: aa71ff27fc2769a1b78a27578f13a17b -> 
  custom:container-demuxer-webm: 4f35f7cbe854078d1ac9338744f61a02 -> 
  custom:container-demuxer-ogg: 62fdf1f143b41e24485cea50d1cbac27 -> 
  custom:video-encoder-webm-vp8: eb34c28f22e8b96e1ab97ce403110664 -> 
  custom:video-decoder-webm-vp8: 9c59270c3fd7afecdb556c50c9e8de78 -> 
  custom:audio-decoder-ogg-vorbis: bf7c407c2cedff20999df2af8eb42d56 -> 
  custom:audio-encoder-webm-vorbis: bf7c407c2cedff20999df2af8eb42d56 -> 
========================================================================
Received Import Request.
  Time since last request: 12.499205 seconds.
  path: Assets/settings/NewShaderVariants.shadervariants
  artifactKey: Guid(a28dc54af888753469d9e52008fba290) Importer(815301076,1909f56bfc062723c751e8b465ee728b)
Start importing Assets/settings/NewShaderVariants.shadervariants using Guid(a28dc54af888753469d9e52008fba290) Importer(815301076,1909f56bfc062723c751e8b465ee728b)  -> (artifact id: '9823f83b763cc8dfd787ef3356db4276') in 0.009122 seconds 
  Import took 0.012851 seconds .

========================================================================
Received Import Request.
  Time since last request: 0.000199 seconds.
  path: Assets/settings/UniversalRenderPipelineAsset_Renderer.asset
  artifactKey: Guid(211d407457a909f4c9df49dbd8dca6de) Importer(815301076,1909f56bfc062723c751e8b465ee728b)
Start importing Assets/settings/UniversalRenderPipelineAsset_Renderer.asset using Guid(211d407457a909f4c9df49dbd8dca6de) Importer(815301076,1909f56bfc062723c751e8b465ee728b)  -> (artifact id: '4eece0d19dc5fba7a3c900cda9c3ff80') in 0.002640 seconds 
  Import took 0.006071 seconds .

========================================================================
Received Import Request.
  Time since last request: 0.000179 seconds.
  path: Assets/settings/UniversalRenderPipelineAsset.asset
  artifactKey: Guid(b884e13b487e6fb4bb031fe0685ec552) Importer(815301076,1909f56bfc062723c751e8b465ee728b)
Start importing Assets/settings/UniversalRenderPipelineAsset.asset using Guid(b884e13b487e6fb4bb031fe0685ec552) Importer(815301076,1909f56bfc062723c751e8b465ee728b)  -> (artifact id: '594bc969d8daece10a4bca6e9bbd832c') in 0.002848 seconds 
  Import took 0.006337 seconds .

========================================================================
Received Import Request.
  Time since last request: 266.986271 seconds.
  path: Assets/Samples/ProBuilder/4.5.2/Universal Render Pipeline Support/Material/ProBuilder Default URP.mat
  artifactKey: Guid(25a9fb42d361f46ad89221f6d301e96e) Importer(815301076,1909f56bfc062723c751e8b465ee728b)
Start importing Assets/Samples/ProBuilder/4.5.2/Universal Render Pipeline Support/Material/ProBuilder Default URP.mat using Guid(25a9fb42d361f46ad89221f6d301e96e) Importer(815301076,1909f56bfc062723c751e8b465ee728b)  -> (artifact id: '50c5144ec5632afa68698de070a9c234') in 0.119413 seconds 
  Import took 0.124137 seconds .

AssetImportWorkerClient::OnTransportError - code=2 error=End of file
