Using pre-set license
Built from '2020.3/staging' branch; Version is '2020.3.17f1 (a4537701e4ab) revision 10769271'; Using compiler version '192528614'; Build Type 'Release'
OS: 'Windows 10 Pro; OS build 19042.1165; Version 2009; 64bit' Language: 'en' Physical Memory: 32660 MB
BatchMode: 1, IsHumanControllingUs: 0, StartBugReporterOnCrash: 0, Is64bit: 1, IsPro: 0

COMMAND LINE ARGUMENTS:
C:\Program Files\Unity\Hub\Editor\2020.3.17f1\Editor\Unity.exe
-adb2
-batchMode
-noUpm
-name
AssetImportWorker0
-projectPath
C:/Users/PC/Desktop/AlternateRealitiesRepo/MaterialsLightingExcersize
-logFile
Logs/AssetImportWorker0.log
-srvPort
50356
Successfully changed project path to: C:/Users/PC/Desktop/AlternateRealitiesRepo/MaterialsLightingExcersize
C:/Users/PC/Desktop/AlternateRealitiesRepo/MaterialsLightingExcersize
Using Asset Import Pipeline V2.
Refreshing native plugins compatible for Editor in 52.92 ms, found 2 plugins.
Preloading 0 native plugins for Editor in 0.00 ms.
Initialize engine version: 2020.3.17f1 (a4537701e4ab)
[Subsystems] Discovering subsystems at path C:/Program Files/Unity/Hub/Editor/2020.3.17f1/Editor/Data/Resources/UnitySubsystems
[Subsystems] Discovering subsystems at path C:/Users/PC/Desktop/AlternateRealitiesRepo/MaterialsLightingExcersize/Assets
GfxDevice: creating device client; threaded=0
Direct3D:
    Version:  Direct3D 11.0 [level 11.1]
    Renderer: NVIDIA GeForce RTX 3070 (ID=0x2484)
    Vendor:   
    VRAM:     8043 MB
    Driver:   27.21.14.6089
Initialize mono
Mono path[0] = 'C:/Program Files/Unity/Hub/Editor/2020.3.17f1/Editor/Data/Managed'
Mono path[1] = 'C:/Program Files/Unity/Hub/Editor/2020.3.17f1/Editor/Data/MonoBleedingEdge/lib/mono/unityjit'
Mono config path = 'C:/Program Files/Unity/Hub/Editor/2020.3.17f1/Editor/Data/MonoBleedingEdge/etc'
Using monoOptions --debugger-agent=transport=dt_socket,embedding=1,server=y,suspend=n,address=127.0.0.1:56936
Begin MonoManager ReloadAssembly
Registering precompiled unity dll's ...
Register platform support module: C:/Program Files/Unity/Hub/Editor/2020.3.17f1/Editor/Data/PlaybackEngines/WindowsStandaloneSupport/UnityEditor.WindowsStandalone.Extensions.dll
Register platform support module: C:/Program Files/Unity/Hub/Editor/2020.3.17f1/Editor/Data/PlaybackEngines/LinuxStandaloneSupport/UnityEditor.LinuxStandalone.Extensions.dll
Registered in 0.001747 seconds.
Native extension for LinuxStandalone target not found
Native extension for WindowsStandalone target not found
Refreshing native plugins compatible for Editor in 48.34 ms, found 2 plugins.
Preloading 0 native plugins for Editor in 0.00 ms.
Mono: successfully reloaded assembly
- Completed reload, in  1.210 seconds
Domain Reload Profiling:
	ReloadAssembly (1210ms)
		BeginReloadAssembly (46ms)
			ExecutionOrderSort (0ms)
			DisableScriptedObjects (0ms)
			BackupInstance (0ms)
			ReleaseScriptingObjects (0ms)
			CreateAndSetChildDomain (1ms)
		EndReloadAssembly (330ms)
			LoadAssemblies (45ms)
			RebuildTransferFunctionScriptingTraits (0ms)
			SetupTypeCache (113ms)
			ReleaseScriptCaches (0ms)
			RebuildScriptCaches (23ms)
			SetupLoadedEditorAssemblies (142ms)
				LogAssemblyErrors (0ms)
				InitializePlatformSupportModulesInManaged (4ms)
				SetLoadedEditorAssemblies (0ms)
				RefreshPlugins (48ms)
				BeforeProcessingInitializeOnLoad (10ms)
				ProcessInitializeOnLoadAttributes (59ms)
				ProcessInitializeOnLoadMethodAttributes (20ms)
				AfterProcessingInitializeOnLoad (0ms)
				EditorAssembliesLoaded (0ms)
			ExecutionOrderSort2 (0ms)
			AwakeInstancesAfterBackupRestoration (0ms)
Platform modules already initialized, skipping
Registering precompiled user dll's ...
Registered in 0.003207 seconds.
Begin MonoManager ReloadAssembly
Native extension for LinuxStandalone target not found
Native extension for WindowsStandalone target not found
Refreshing native plugins compatible for Editor in 50.77 ms, found 2 plugins.
Preloading 0 native plugins for Editor in 0.00 ms.
Mono: successfully reloaded assembly
- Completed reload, in  1.005 seconds
Domain Reload Profiling:
	ReloadAssembly (1006ms)
		BeginReloadAssembly (113ms)
			ExecutionOrderSort (0ms)
			DisableScriptedObjects (3ms)
			BackupInstance (0ms)
			ReleaseScriptingObjects (0ms)
			CreateAndSetChildDomain (14ms)
		EndReloadAssembly (846ms)
			LoadAssemblies (76ms)
			RebuildTransferFunctionScriptingTraits (0ms)
			SetupTypeCache (246ms)
			ReleaseScriptCaches (0ms)
			RebuildScriptCaches (44ms)
			SetupLoadedEditorAssemblies (381ms)
				LogAssemblyErrors (0ms)
				InitializePlatformSupportModulesInManaged (4ms)
				SetLoadedEditorAssemblies (0ms)
				RefreshPlugins (51ms)
				BeforeProcessingInitializeOnLoad (78ms)
				ProcessInitializeOnLoadAttributes (240ms)
				ProcessInitializeOnLoadMethodAttributes (3ms)
				AfterProcessingInitializeOnLoad (5ms)
				EditorAssembliesLoaded (0ms)
			ExecutionOrderSort2 (0ms)
			AwakeInstancesAfterBackupRestoration (5ms)
Platform modules already initialized, skipping
========================================================================
Worker process is ready to serve import requests
Launched and connected shader compiler UnityShaderCompiler.exe after 0.05 seconds
Refreshing native plugins compatible for Editor in 0.51 ms, found 2 plugins.
Preloading 0 native plugins for Editor in 0.00 ms.
Unloading 3111 Unused Serialized files (Serialized files now loaded: 0)
System memory in use before: 142.6 MB.
System memory in use after: 142.7 MB.

Unloading 20 unused Assets to reduce memory usage. Loaded Objects now: 3548.
Total: 3.175700 ms (FindLiveObjects: 0.334900 ms CreateObjectMapping: 0.199100 ms MarkObjects: 2.550100 ms  DeleteObjects: 0.090600 ms)

AssetImportParameters requested are different than current active one (requested -> active):
  custom:framework-win-MediaFoundation: 216162199b28c13a410421893ffa2e32 -> 
  custom:video-decoder-ogg-theora: a1e56fd34408186e4bbccfd4996cb3dc -> 
  custom:container-muxer-webm: aa71ff27fc2769a1b78a27578f13a17b -> 
  custom:container-demuxer-webm: 4f35f7cbe854078d1ac9338744f61a02 -> 
  custom:container-demuxer-ogg: 62fdf1f143b41e24485cea50d1cbac27 -> 
  custom:video-encoder-webm-vp8: eb34c28f22e8b96e1ab97ce403110664 -> 
  custom:video-decoder-webm-vp8: 9c59270c3fd7afecdb556c50c9e8de78 -> 
  custom:audio-decoder-ogg-vorbis: bf7c407c2cedff20999df2af8eb42d56 -> 
  custom:audio-encoder-webm-vorbis: bf7c407c2cedff20999df2af8eb42d56 -> 
========================================================================
Received Import Request.
  path: Assets/Scenes/Lighting.unity
  artifactKey: Guid(1b9ba3915e51c7c49b174c9c1b898776) Importer(815301076,1909f56bfc062723c751e8b465ee728b)
Start importing Assets/Scenes/Lighting.unity using Guid(1b9ba3915e51c7c49b174c9c1b898776) Importer(815301076,1909f56bfc062723c751e8b465ee728b)  -> (artifact id: 'ee390497b5fe0b335151b13b78955d8e') in 0.018679 seconds 
  Import took 0.023054 seconds .

========================================================================
Received Import Request.
  Time since last request: 38.749414 seconds.
  path: Assets/AtmosphericHouse
  artifactKey: Guid(481605f489e0ca94ab236e5461ca3406) Importer(815301076,1909f56bfc062723c751e8b465ee728b)
Start importing Assets/AtmosphericHouse using Guid(481605f489e0ca94ab236e5461ca3406) Importer(815301076,1909f56bfc062723c751e8b465ee728b)  -> (artifact id: 'd4b6d7f29af792dfe6bcb6b3832eb45e') in 0.005691 seconds 
  Import took 0.011293 seconds .

========================================================================
Received Import Request.
  Time since last request: 0.607995 seconds.
  path: Assets/AtmosphericHouse/Animators
  artifactKey: Guid(fe45287f525dba643840aa93a61b0399) Importer(815301076,1909f56bfc062723c751e8b465ee728b)
Start importing Assets/AtmosphericHouse/Animators using Guid(fe45287f525dba643840aa93a61b0399) Importer(815301076,1909f56bfc062723c751e8b465ee728b)  -> (artifact id: '916603415447cb011c75c335ea36dc2d') in 0.005736 seconds 
  Import took 0.009570 seconds .

========================================================================
Received Import Request.
  Time since last request: 1403.634785 seconds.
  path: Assets/AllSkyFree
  artifactKey: Guid(a90be541733e43c47a2ca342f41cd5d2) Importer(815301076,1909f56bfc062723c751e8b465ee728b)
Start importing Assets/AllSkyFree using Guid(a90be541733e43c47a2ca342f41cd5d2) Importer(815301076,1909f56bfc062723c751e8b465ee728b)  -> (artifact id: 'abaa1376f23c050482924afbf27b90d0') in 0.004291 seconds 
  Import took 0.008888 seconds .

========================================================================
Received Import Request.
  Time since last request: 0.635039 seconds.
  path: Assets/AllSkyFree/Cold Night
  artifactKey: Guid(1bb1b46268be06f40bf96dc842129dce) Importer(815301076,1909f56bfc062723c751e8b465ee728b)
Start importing Assets/AllSkyFree/Cold Night using Guid(1bb1b46268be06f40bf96dc842129dce) Importer(815301076,1909f56bfc062723c751e8b465ee728b)  -> (artifact id: 'f72ceb1361ceb80ebbf45aca41e58f79') in 0.006451 seconds 
  Import took 0.010270 seconds .

========================================================================
Received Import Request.
  Time since last request: 0.026266 seconds.
  path: Assets/AllSkyFree/Cold Night/Cold Night Equirect.mat
  artifactKey: Guid(eac2ef371405749e0bd050b4c3272f16) Importer(815301076,1909f56bfc062723c751e8b465ee728b)
Start importing Assets/AllSkyFree/Cold Night/Cold Night Equirect.mat using Guid(eac2ef371405749e0bd050b4c3272f16) Importer(815301076,1909f56bfc062723c751e8b465ee728b)  -> (artifact id: 'ff95eda767ed01ed738f2f1e3e4135f4') in 0.194210 seconds 
  Import took 0.199310 seconds .

========================================================================
Received Import Request.
  Time since last request: 0.000165 seconds.
  path: Assets/AllSkyFree/Cold Night/Cold Night Equirect.png
  artifactKey: Guid(97259d0c0ea9f491692be825da27978a) Importer(815301076,1909f56bfc062723c751e8b465ee728b)
Start importing Assets/AllSkyFree/Cold Night/Cold Night Equirect.png using Guid(97259d0c0ea9f491692be825da27978a) Importer(815301076,1909f56bfc062723c751e8b465ee728b)  -> (artifact id: '8ebc288a21a7c85ece7227c54c0a1497') in 0.229072 seconds 
  Import took 0.233782 seconds .

========================================================================
Received Import Request.
  Time since last request: 1199.644534 seconds.
  path: Assets/Settings/UniversalRenderPipelineAsset.asset
  artifactKey: Guid(9d6a34b2243a45840badcfab8a158e03) Importer(815301076,1909f56bfc062723c751e8b465ee728b)
Start importing Assets/Settings/UniversalRenderPipelineAsset.asset using Guid(9d6a34b2243a45840badcfab8a158e03) Importer(815301076,1909f56bfc062723c751e8b465ee728b)  -> (artifact id: 'daaeb7d098086ef5faa450b167600989') in 0.009740 seconds 
  Import took 0.014427 seconds .

========================================================================
Received Import Request.
  Time since last request: 0.000192 seconds.
  path: Assets/Settings/UniversalRenderPipelineAsset_Renderer.asset
  artifactKey: Guid(827921889a77f56468c19c352be251d3) Importer(815301076,1909f56bfc062723c751e8b465ee728b)
Start importing Assets/Settings/UniversalRenderPipelineAsset_Renderer.asset using Guid(827921889a77f56468c19c352be251d3) Importer(815301076,1909f56bfc062723c751e8b465ee728b)  -> (artifact id: 'ca1d38e9d208b605bcc0122896fc7263') in 0.005124 seconds 
  Import took 0.008993 seconds .

========================================================================
Received Import Request.
  Time since last request: 187.278916 seconds.
  path: Assets/AtmosphericHouse/Prefabs
  artifactKey: Guid(b718b656c6ef91b468ff8ee85af12fd6) Importer(815301076,1909f56bfc062723c751e8b465ee728b)
Start importing Assets/AtmosphericHouse/Prefabs using Guid(b718b656c6ef91b468ff8ee85af12fd6) Importer(815301076,1909f56bfc062723c751e8b465ee728b)  -> (artifact id: '188c3291dbcfca0a6e9261b2e7a7ddbe') in 0.006175 seconds 
  Import took 0.010819 seconds .

========================================================================
Received Import Request.
  Time since last request: 0.613942 seconds.
  path: Assets/AtmosphericHouse/Prefabs/Props
  artifactKey: Guid(a1e9a2e5c323c95478ef4082037d51cb) Importer(815301076,1909f56bfc062723c751e8b465ee728b)
Start importing Assets/AtmosphericHouse/Prefabs/Props using Guid(a1e9a2e5c323c95478ef4082037d51cb) Importer(815301076,1909f56bfc062723c751e8b465ee728b)  -> (artifact id: 'de25254f6bdb18f37356990740b83250') in 0.004629 seconds 
  Import took 0.008527 seconds .

========================================================================
Received Import Request.
  Time since last request: 2.504410 seconds.
  path: Assets/AtmosphericHouse/Prefabs/Props/Lamps
  artifactKey: Guid(f864767c2fd2ee34897dd055edcf26be) Importer(815301076,1909f56bfc062723c751e8b465ee728b)
Start importing Assets/AtmosphericHouse/Prefabs/Props/Lamps using Guid(f864767c2fd2ee34897dd055edcf26be) Importer(815301076,1909f56bfc062723c751e8b465ee728b)  -> (artifact id: '708d6492a4283171211fa94fcf817012') in 0.004435 seconds 
  Import took 0.008316 seconds .

========================================================================
Received Import Request.
  Time since last request: 0.039191 seconds.
  path: Assets/AtmosphericHouse/Prefabs/Props/Lamps/Lamp_ceiling_ball.prefab
  artifactKey: Guid(a076cfe78dd2d5e419f1c00ba249fd97) Importer(815301076,1909f56bfc062723c751e8b465ee728b)
Start importing Assets/AtmosphericHouse/Prefabs/Props/Lamps/Lamp_ceiling_ball.prefab using Guid(a076cfe78dd2d5e419f1c00ba249fd97) Importer(815301076,1909f56bfc062723c751e8b465ee728b)  -> (artifact id: '24e05b64cedbe4b0eff9150cf2b5df73') in 0.256926 seconds 
  Import took 0.261188 seconds .

========================================================================
Received Import Request.
  Time since last request: 0.000180 seconds.
  path: Assets/AtmosphericHouse/Prefabs/Props/Lamps/Lamp_table_shade.prefab
  artifactKey: Guid(89925d53b42432741b6c9de75492ab0f) Importer(815301076,1909f56bfc062723c751e8b465ee728b)
Start importing Assets/AtmosphericHouse/Prefabs/Props/Lamps/Lamp_table_shade.prefab using Guid(89925d53b42432741b6c9de75492ab0f) Importer(815301076,1909f56bfc062723c751e8b465ee728b)  -> (artifact id: 'c88c4aeb81e76aecf37995a755815804') in 0.031440 seconds 
  Import took 0.038047 seconds .

========================================================================
Received Import Request.
  Time since last request: 0.000134 seconds.
  path: Assets/AtmosphericHouse/Prefabs/Props/Lamps/Lamp_ceiling_round.prefab
  artifactKey: Guid(4e27f85933c44cc42893d4a4312fdf5f) Importer(815301076,1909f56bfc062723c751e8b465ee728b)
Start importing Assets/AtmosphericHouse/Prefabs/Props/Lamps/Lamp_ceiling_round.prefab using Guid(4e27f85933c44cc42893d4a4312fdf5f) Importer(815301076,1909f56bfc062723c751e8b465ee728b)  -> (artifact id: 'b1b0759cb5b1eeb7db06aae8b8089b3a') in 0.022273 seconds 
  Import took 0.026436 seconds .

========================================================================
Received Import Request.
  Time since last request: 0.000124 seconds.
  path: Assets/AtmosphericHouse/Prefabs/Props/Lamps/Lamp_ceiling_cone_B.prefab
  artifactKey: Guid(de121d55bf30c984db8e9187c15e5428) Importer(815301076,1909f56bfc062723c751e8b465ee728b)
Start importing Assets/AtmosphericHouse/Prefabs/Props/Lamps/Lamp_ceiling_cone_B.prefab using Guid(de121d55bf30c984db8e9187c15e5428) Importer(815301076,1909f56bfc062723c751e8b465ee728b)  -> (artifact id: 'c00582908179168fa74abe385317b5ea') in 0.021260 seconds 
  Import took 0.025461 seconds .

========================================================================
Received Import Request.
  Time since last request: 0.000156 seconds.
  path: Assets/AtmosphericHouse/Prefabs/Props/Lamps/Lamp_table_work.prefab
  artifactKey: Guid(5ca21fe83ef4ee3498bf44669e04fddf) Importer(815301076,1909f56bfc062723c751e8b465ee728b)
Start importing Assets/AtmosphericHouse/Prefabs/Props/Lamps/Lamp_table_work.prefab using Guid(5ca21fe83ef4ee3498bf44669e04fddf) Importer(815301076,1909f56bfc062723c751e8b465ee728b)  -> (artifact id: '21b389c7b2de7bced5092ad2ccce57b4') in 0.023426 seconds 
  Import took 0.027755 seconds .

========================================================================
Received Import Request.
  Time since last request: 0.000122 seconds.
  path: Assets/AtmosphericHouse/Prefabs/Props/Lamps/Lamp_cellar_wall.prefab
  artifactKey: Guid(97ca9b1d34afc2e4296a12d891a5f136) Importer(815301076,1909f56bfc062723c751e8b465ee728b)
Start importing Assets/AtmosphericHouse/Prefabs/Props/Lamps/Lamp_cellar_wall.prefab using Guid(97ca9b1d34afc2e4296a12d891a5f136) Importer(815301076,1909f56bfc062723c751e8b465ee728b)  -> (artifact id: '85e7ea989e6b3da7c088bc6e4cb20a4b') in 0.029647 seconds 
  Import took 0.033762 seconds .

========================================================================
Received Import Request.
  Time since last request: 223.509972 seconds.
  path: Assets/AtmosphericHouse/Materials/Interior_plants_clean.mat
  artifactKey: Guid(1a1e874a51a4557498cd8a0a20b833a4) Importer(815301076,1909f56bfc062723c751e8b465ee728b)
Start importing Assets/AtmosphericHouse/Materials/Interior_plants_clean.mat using Guid(1a1e874a51a4557498cd8a0a20b833a4) Importer(815301076,1909f56bfc062723c751e8b465ee728b)  -> (artifact id: '8fbbe58173a153c9d7dd09f869639770') in 0.036016 seconds 
  Import took 0.040632 seconds .

========================================================================
Received Import Request.
  Time since last request: 0.000133 seconds.
  path: Assets/AtmosphericHouse/Materials/Lamps_A_on_clean.mat
  artifactKey: Guid(f4944201cb28bc04d9a8a4b010128b6d) Importer(815301076,1909f56bfc062723c751e8b465ee728b)
Start importing Assets/AtmosphericHouse/Materials/Lamps_A_on_clean.mat using Guid(f4944201cb28bc04d9a8a4b010128b6d) Importer(815301076,1909f56bfc062723c751e8b465ee728b)  -> (artifact id: '3b097c77443ad5aa4bee7ad60ddc198a') in 0.022816 seconds 
  Import took 0.027041 seconds .

========================================================================
Received Import Request.
  Time since last request: 0.000122 seconds.
  path: Assets/AtmosphericHouse/Materials/Lamps_B_on_worn.mat
  artifactKey: Guid(f82ef95d6c479a14f9abaff6e69551f3) Importer(815301076,1909f56bfc062723c751e8b465ee728b)
Start importing Assets/AtmosphericHouse/Materials/Lamps_B_on_worn.mat using Guid(f82ef95d6c479a14f9abaff6e69551f3) Importer(815301076,1909f56bfc062723c751e8b465ee728b)  -> (artifact id: 'fb525d6e9deeac79cb55f706fea4bf58') in 0.028902 seconds 
  Import took 0.033166 seconds .

========================================================================
Received Import Request.
  Time since last request: 0.000129 seconds.
  path: Assets/AtmosphericHouse/Materials/Lamps_A_on_clean.mat
  artifactKey: Guid(f4944201cb28bc04d9a8a4b010128b6d) Importer(815301076,1909f56bfc062723c751e8b465ee728b)
Start importing Assets/AtmosphericHouse/Materials/Lamps_A_on_clean.mat using Guid(f4944201cb28bc04d9a8a4b010128b6d) Importer(815301076,1909f56bfc062723c751e8b465ee728b)  -> (artifact id: '3b097c77443ad5aa4bee7ad60ddc198a') in 0.027766 seconds 
  Import took 0.032056 seconds .

========================================================================
Received Import Request.
  Time since last request: 0.000118 seconds.
  path: Assets/AtmosphericHouse/Materials/Misc_prop_set_clean.mat
  artifactKey: Guid(5dd43fb3fc6b5e547ae39f8ce5e5f5db) Importer(815301076,1909f56bfc062723c751e8b465ee728b)
Start importing Assets/AtmosphericHouse/Materials/Misc_prop_set_clean.mat using Guid(5dd43fb3fc6b5e547ae39f8ce5e5f5db) Importer(815301076,1909f56bfc062723c751e8b465ee728b)  -> (artifact id: 'a51e0ca066c65c541d88b33c1f9c5552') in 0.020211 seconds 
  Import took 0.024416 seconds .

========================================================================
Received Import Request.
  Time since last request: 0.000156 seconds.
  path: Assets/AtmosphericHouse/Materials/Lamps_B_on_clean.mat
  artifactKey: Guid(140029972682ed14f9ac6bd62e290260) Importer(815301076,1909f56bfc062723c751e8b465ee728b)
Start importing Assets/AtmosphericHouse/Materials/Lamps_B_on_clean.mat using Guid(140029972682ed14f9ac6bd62e290260) Importer(815301076,1909f56bfc062723c751e8b465ee728b)  -> (artifact id: '6954a0d9e3f33a9545b98f8c7ffe2a60') in 0.035355 seconds 
  Import took 0.039508 seconds .

========================================================================
Received Import Request.
  Time since last request: 0.000133 seconds.
  path: Assets/AtmosphericHouse/Materials/Interior_plants_clean.mat
  artifactKey: Guid(1a1e874a51a4557498cd8a0a20b833a4) Importer(815301076,1909f56bfc062723c751e8b465ee728b)
Start importing Assets/AtmosphericHouse/Materials/Interior_plants_clean.mat using Guid(1a1e874a51a4557498cd8a0a20b833a4) Importer(815301076,1909f56bfc062723c751e8b465ee728b)  -> (artifact id: '8fbbe58173a153c9d7dd09f869639770') in 0.017091 seconds 
  Import took 0.021377 seconds .

========================================================================
Received Import Request.
  Time since last request: 0.000125 seconds.
  path: Assets/AtmosphericHouse/Materials/Lamps_B_on_clean.mat
  artifactKey: Guid(140029972682ed14f9ac6bd62e290260) Importer(815301076,1909f56bfc062723c751e8b465ee728b)
Start importing Assets/AtmosphericHouse/Materials/Lamps_B_on_clean.mat using Guid(140029972682ed14f9ac6bd62e290260) Importer(815301076,1909f56bfc062723c751e8b465ee728b)  -> (artifact id: '6954a0d9e3f33a9545b98f8c7ffe2a60') in 0.022882 seconds 
  Import took 0.027154 seconds .

========================================================================
Received Import Request.
  Time since last request: 136.460800 seconds.
  path: Assets/AtmosphericHouse/Materials/Office_props_clean.mat
  artifactKey: Guid(7c0c87cf005d1744698d5c83c2b3c2e9) Importer(815301076,1909f56bfc062723c751e8b465ee728b)
Start importing Assets/AtmosphericHouse/Materials/Office_props_clean.mat using Guid(7c0c87cf005d1744698d5c83c2b3c2e9) Importer(815301076,1909f56bfc062723c751e8b465ee728b)  -> (artifact id: '0e65e4f5cbd66c1659a53a3a25ec6d43') in 0.020408 seconds 
  Import took 0.025202 seconds .

========================================================================
Received Import Request.
  Time since last request: 0.001620 seconds.
  path: Assets/AtmosphericHouse/Materials/Office_props_clean.mat
  artifactKey: Guid(7c0c87cf005d1744698d5c83c2b3c2e9) Importer(815301076,1909f56bfc062723c751e8b465ee728b)
Start importing Assets/AtmosphericHouse/Materials/Office_props_clean.mat using Guid(7c0c87cf005d1744698d5c83c2b3c2e9) Importer(815301076,1909f56bfc062723c751e8b465ee728b)  -> (artifact id: '0e65e4f5cbd66c1659a53a3a25ec6d43') in 0.017868 seconds 
  Import took 0.022071 seconds .

========================================================================
Received Import Request.
  Time since last request: 476.550034 seconds.
  path: Assets/AtmosphericHouse/Materials/Paintings.mat
  artifactKey: Guid(b4d479ac70c3b3a4b92e13cdb771e431) Importer(815301076,1909f56bfc062723c751e8b465ee728b)
Start importing Assets/AtmosphericHouse/Materials/Paintings.mat using Guid(b4d479ac70c3b3a4b92e13cdb771e431) Importer(815301076,1909f56bfc062723c751e8b465ee728b)  -> (artifact id: 'd80f36f4d92c9bff60863492066b1f3c') in 0.045153 seconds 
  Import took 0.050517 seconds .

========================================================================
Received Import Request.
  Time since last request: 0.000128 seconds.
  path: Assets/AtmosphericHouse/Materials/Small_table_props_clean.mat
  artifactKey: Guid(c9060ab15dd8b9a40910cb87a7e419b6) Importer(815301076,1909f56bfc062723c751e8b465ee728b)
Start importing Assets/AtmosphericHouse/Materials/Small_table_props_clean.mat using Guid(c9060ab15dd8b9a40910cb87a7e419b6) Importer(815301076,1909f56bfc062723c751e8b465ee728b)  -> (artifact id: '7a9d6d944b1eea45f51376c61f54ffda') in 0.020578 seconds 
  Import took 0.024693 seconds .

========================================================================
Received Import Request.
  Time since last request: 0.000119 seconds.
  path: Assets/AtmosphericHouse/Materials/Workdesk_clean.mat
  artifactKey: Guid(2107cc34eab53ab48b16ea8f7589aee8) Importer(815301076,1909f56bfc062723c751e8b465ee728b)
Start importing Assets/AtmosphericHouse/Materials/Workdesk_clean.mat using Guid(2107cc34eab53ab48b16ea8f7589aee8) Importer(815301076,1909f56bfc062723c751e8b465ee728b)  -> (artifact id: '937d0d5c840ec3e07a36ad8b8850e67d') in 0.024343 seconds 
  Import took 0.028667 seconds .

========================================================================
Received Import Request.
  Time since last request: 0.000185 seconds.
  path: Assets/AtmosphericHouse/Materials/Tables_clean.mat
  artifactKey: Guid(10ce19ed6b94fa74bb7c54fdfbe56fcd) Importer(815301076,1909f56bfc062723c751e8b465ee728b)
Start importing Assets/AtmosphericHouse/Materials/Tables_clean.mat using Guid(10ce19ed6b94fa74bb7c54fdfbe56fcd) Importer(815301076,1909f56bfc062723c751e8b465ee728b)  -> (artifact id: '4a3c6bf6204c13ff22c69066ea66798c') in 0.024339 seconds 
  Import took 0.028722 seconds .

========================================================================
Received Import Request.
  Time since last request: 0.000108 seconds.
  path: Assets/AtmosphericHouse/Materials/Sofa_clean.mat
  artifactKey: Guid(9fcb8f99e11fdfc4593953fcca292c7d) Importer(815301076,1909f56bfc062723c751e8b465ee728b)
Start importing Assets/AtmosphericHouse/Materials/Sofa_clean.mat using Guid(9fcb8f99e11fdfc4593953fcca292c7d) Importer(815301076,1909f56bfc062723c751e8b465ee728b)  -> (artifact id: '204ec9548cefec6cb26254b1e1cecddb') in 0.023268 seconds 
  Import took 0.027439 seconds .

========================================================================
Received Import Request.
  Time since last request: 0.000104 seconds.
  path: Assets/AtmosphericHouse/Materials/Sidetables_clean.mat
  artifactKey: Guid(667fb094ec53ecf49860b4821b1424a9) Importer(815301076,1909f56bfc062723c751e8b465ee728b)
Start importing Assets/AtmosphericHouse/Materials/Sidetables_clean.mat using Guid(667fb094ec53ecf49860b4821b1424a9) Importer(815301076,1909f56bfc062723c751e8b465ee728b)  -> (artifact id: '681f6c7c691abcad4f69e2e02b12fc35') in 0.023872 seconds 
  Import took 0.028077 seconds .

========================================================================
Received Import Request.
  Time since last request: 0.000131 seconds.
  path: Assets/AtmosphericHouse/Materials/TV_computer_clean.mat
  artifactKey: Guid(113bc94b9e89f924f828742980d6b02a) Importer(815301076,1909f56bfc062723c751e8b465ee728b)
Start importing Assets/AtmosphericHouse/Materials/TV_computer_clean.mat using Guid(113bc94b9e89f924f828742980d6b02a) Importer(815301076,1909f56bfc062723c751e8b465ee728b)  -> (artifact id: 'e771208bd7503fdb7546c21dfcd53f86') in 0.014889 seconds 
  Import took 0.019066 seconds .

========================================================================
Received Import Request.
  Time since last request: 0.000165 seconds.
  path: Assets/AtmosphericHouse/Materials/Sidetables_clean.mat
  artifactKey: Guid(667fb094ec53ecf49860b4821b1424a9) Importer(815301076,1909f56bfc062723c751e8b465ee728b)
Start importing Assets/AtmosphericHouse/Materials/Sidetables_clean.mat using Guid(667fb094ec53ecf49860b4821b1424a9) Importer(815301076,1909f56bfc062723c751e8b465ee728b)  -> (artifact id: '681f6c7c691abcad4f69e2e02b12fc35') in 0.015155 seconds 
  Import took 0.019444 seconds .

========================================================================
Received Import Request.
  Time since last request: 0.000105 seconds.
  path: Assets/AtmosphericHouse/Materials/Storage_props_clean.mat
  artifactKey: Guid(e22982a91ed02274b86714d33c7e67a8) Importer(815301076,1909f56bfc062723c751e8b465ee728b)
Start importing Assets/AtmosphericHouse/Materials/Storage_props_clean.mat using Guid(e22982a91ed02274b86714d33c7e67a8) Importer(815301076,1909f56bfc062723c751e8b465ee728b)  -> (artifact id: '023c3c5a2935b32ed1a686474ac0b591') in 0.051121 seconds 
  Import took 0.056775 seconds .

========================================================================
Received Import Request.
  Time since last request: 6.880363 seconds.
  path: Assets/AtmosphericHouse/Prefabs/Props/Electronics/Computer_mouse.prefab
  artifactKey: Guid(2365af3534100904fbbab73002d0c5c6) Importer(815301076,1909f56bfc062723c751e8b465ee728b)
Start importing Assets/AtmosphericHouse/Prefabs/Props/Electronics/Computer_mouse.prefab using Guid(2365af3534100904fbbab73002d0c5c6) Importer(815301076,1909f56bfc062723c751e8b465ee728b)  -> (artifact id: 'df2be338e1ffb78c28403af3130bb2b7') in 0.017454 seconds 
  Import took 0.021728 seconds .

========================================================================
Received Import Request.
  Time since last request: 0.000158 seconds.
  path: Assets/AtmosphericHouse/Prefabs/Props/Electronics/Computer_mousepad.prefab
  artifactKey: Guid(f70d9393a9629594789a442e47a124d4) Importer(815301076,1909f56bfc062723c751e8b465ee728b)
Start importing Assets/AtmosphericHouse/Prefabs/Props/Electronics/Computer_mousepad.prefab using Guid(f70d9393a9629594789a442e47a124d4) Importer(815301076,1909f56bfc062723c751e8b465ee728b)  -> (artifact id: '46b7f3430b82432a7cdb7d9ceee630c9') in 0.015922 seconds 
  Import took 0.020478 seconds .

========================================================================
Received Import Request.
  Time since last request: 0.000138 seconds.
  path: Assets/AtmosphericHouse/Prefabs/Props/Electronics/Computer_screen.prefab
  artifactKey: Guid(33d6fd049e3267740825c5c800797efe) Importer(815301076,1909f56bfc062723c751e8b465ee728b)
Start importing Assets/AtmosphericHouse/Prefabs/Props/Electronics/Computer_screen.prefab using Guid(33d6fd049e3267740825c5c800797efe) Importer(815301076,1909f56bfc062723c751e8b465ee728b)  -> (artifact id: 'da6de3b867c870f67089354090cf6840') in 0.016594 seconds 
  Import took 0.020946 seconds .

========================================================================
Received Import Request.
  Time since last request: 0.000124 seconds.
  path: Assets/AtmosphericHouse/Prefabs/Props/Electronics/Computer_mousepad.prefab
  artifactKey: Guid(f70d9393a9629594789a442e47a124d4) Importer(815301076,1909f56bfc062723c751e8b465ee728b)
Start importing Assets/AtmosphericHouse/Prefabs/Props/Electronics/Computer_mousepad.prefab using Guid(f70d9393a9629594789a442e47a124d4) Importer(815301076,1909f56bfc062723c751e8b465ee728b)  -> (artifact id: '46b7f3430b82432a7cdb7d9ceee630c9') in 0.012925 seconds 
  Import took 0.017193 seconds .

========================================================================
Received Import Request.
  Time since last request: 0.000124 seconds.
  path: Assets/AtmosphericHouse/Prefabs/Props/Electronics/Computer_screen.prefab
  artifactKey: Guid(33d6fd049e3267740825c5c800797efe) Importer(815301076,1909f56bfc062723c751e8b465ee728b)
Start importing Assets/AtmosphericHouse/Prefabs/Props/Electronics/Computer_screen.prefab using Guid(33d6fd049e3267740825c5c800797efe) Importer(815301076,1909f56bfc062723c751e8b465ee728b)  -> (artifact id: 'da6de3b867c870f67089354090cf6840') in 0.014691 seconds 
  Import took 0.018905 seconds .

========================================================================
Received Import Request.
  Time since last request: 1.067100 seconds.
  path: Assets/AtmosphericHouse/Prefabs/Props/Interior_plants/Interior_plant_A.prefab
  artifactKey: Guid(2591a571534d65f4d9d5dc65bc2ddf46) Importer(815301076,1909f56bfc062723c751e8b465ee728b)
Start importing Assets/AtmosphericHouse/Prefabs/Props/Interior_plants/Interior_plant_A.prefab using Guid(2591a571534d65f4d9d5dc65bc2ddf46) Importer(815301076,1909f56bfc062723c751e8b465ee728b)  -> (artifact id: '6c6cc17ea652c4e694a798b7de2bf715') in 0.020584 seconds 
  Import took 0.024921 seconds .

========================================================================
Received Import Request.
  Time since last request: 0.000144 seconds.
  path: Assets/AtmosphericHouse/Prefabs/Props/Interior_plants/Interior_plant_C.prefab
  artifactKey: Guid(24b456f4fa4053c498cfbebf996a4209) Importer(815301076,1909f56bfc062723c751e8b465ee728b)
Start importing Assets/AtmosphericHouse/Prefabs/Props/Interior_plants/Interior_plant_C.prefab using Guid(24b456f4fa4053c498cfbebf996a4209) Importer(815301076,1909f56bfc062723c751e8b465ee728b)  -> (artifact id: 'ae5937b9488be6760572aae8f561f141') in 0.021800 seconds 
  Import took 0.026072 seconds .

========================================================================
Received Import Request.
  Time since last request: 0.000118 seconds.
  path: Assets/AtmosphericHouse/Prefabs/Props/Interior_plants/Interior_plant_B.prefab
  artifactKey: Guid(6321017e46f06944ea712c6fbc6c92fe) Importer(815301076,1909f56bfc062723c751e8b465ee728b)
Start importing Assets/AtmosphericHouse/Prefabs/Props/Interior_plants/Interior_plant_B.prefab using Guid(6321017e46f06944ea712c6fbc6c92fe) Importer(815301076,1909f56bfc062723c751e8b465ee728b)  -> (artifact id: 'e0ec0e3943130f94c2f66bbcdc189ec9') in 0.015403 seconds 
  Import took 0.019571 seconds .

========================================================================
Received Import Request.
  Time since last request: 317.065489 seconds.
  path: Assets/AtmosphericHouse/Materials/Basement_props_B.mat
  artifactKey: Guid(79ea057d706a293458c379553eb3fa54) Importer(815301076,1909f56bfc062723c751e8b465ee728b)
Start importing Assets/AtmosphericHouse/Materials/Basement_props_B.mat using Guid(79ea057d706a293458c379553eb3fa54) Importer(815301076,1909f56bfc062723c751e8b465ee728b)  -> (artifact id: '4dcbcb9f16744517715b04c6a39222cf') in 0.017855 seconds 
  Import took 0.022967 seconds .

========================================================================
Received Import Request.
  Time since last request: 0.000124 seconds.
  path: Assets/AtmosphericHouse/Materials/Books_clean.mat
  artifactKey: Guid(74457c0de53d79445b9c98d4816f4672) Importer(815301076,1909f56bfc062723c751e8b465ee728b)
Start importing Assets/AtmosphericHouse/Materials/Books_clean.mat using Guid(74457c0de53d79445b9c98d4816f4672) Importer(815301076,1909f56bfc062723c751e8b465ee728b)  -> (artifact id: '7443f932a2e86a8cdbe8449f93710652') in 0.018768 seconds 
  Import took 0.023052 seconds .

========================================================================
Received Import Request.
  Time since last request: 0.000120 seconds.
  path: Assets/AtmosphericHouse/Materials/Carpets_persian_clean.mat
  artifactKey: Guid(bf608dcebb00ced4782a343e28a03dc6) Importer(815301076,1909f56bfc062723c751e8b465ee728b)
Start importing Assets/AtmosphericHouse/Materials/Carpets_persian_clean.mat using Guid(bf608dcebb00ced4782a343e28a03dc6) Importer(815301076,1909f56bfc062723c751e8b465ee728b)  -> (artifact id: '21a951911f3c9d95e2e9a0ddcbd839bc') in 0.017114 seconds 
  Import took 0.021323 seconds .

========================================================================
Received Import Request.
  Time since last request: 0.000150 seconds.
  path: Assets/AtmosphericHouse/Materials/Chairs_clean.mat
  artifactKey: Guid(adc344c647c29e84cbff9667e6b7a3c1) Importer(815301076,1909f56bfc062723c751e8b465ee728b)
Start importing Assets/AtmosphericHouse/Materials/Chairs_clean.mat using Guid(adc344c647c29e84cbff9667e6b7a3c1) Importer(815301076,1909f56bfc062723c751e8b465ee728b)  -> (artifact id: '1b9fb94b9c786b618f00098d7576287e') in 0.016720 seconds 
  Import took 0.020922 seconds .

========================================================================
Received Import Request.
  Time since last request: 99.585761 seconds.
  path: Assets/AtmosphericHouse/Materials/Lamps_A_on_clean.mat
  artifactKey: Guid(f4944201cb28bc04d9a8a4b010128b6d) Importer(815301076,1909f56bfc062723c751e8b465ee728b)
Start importing Assets/AtmosphericHouse/Materials/Lamps_A_on_clean.mat using Guid(f4944201cb28bc04d9a8a4b010128b6d) Importer(815301076,1909f56bfc062723c751e8b465ee728b)  -> (artifact id: 'c6c6c16e3ac8dace4f9e59ffa10ea0cf') in 0.018020 seconds 
  Import took 0.025880 seconds .

========================================================================
Received Import Request.
  Time since last request: 0.000125 seconds.
  path: Assets/AtmosphericHouse/Materials/Lamps_B_on_clean.mat
  artifactKey: Guid(140029972682ed14f9ac6bd62e290260) Importer(815301076,1909f56bfc062723c751e8b465ee728b)
Start importing Assets/AtmosphericHouse/Materials/Lamps_B_on_clean.mat using Guid(140029972682ed14f9ac6bd62e290260) Importer(815301076,1909f56bfc062723c751e8b465ee728b)  -> (artifact id: 'd4305ef1c05b60b2bcac79e005d09afd') in 0.017780 seconds 
  Import took 0.022254 seconds .

========================================================================
Received Import Request.
  Time since last request: 0.000125 seconds.
  path: Assets/AtmosphericHouse/Materials/Lamps_A_on_clean.mat
  artifactKey: Guid(f4944201cb28bc04d9a8a4b010128b6d) Importer(815301076,1909f56bfc062723c751e8b465ee728b)
Start importing Assets/AtmosphericHouse/Materials/Lamps_A_on_clean.mat using Guid(f4944201cb28bc04d9a8a4b010128b6d) Importer(815301076,1909f56bfc062723c751e8b465ee728b)  -> (artifact id: 'c6c6c16e3ac8dace4f9e59ffa10ea0cf') in 0.015042 seconds 
  Import took 0.019336 seconds .

========================================================================
Received Import Request.
  Time since last request: 0.000122 seconds.
  path: Assets/AtmosphericHouse/Materials/Lamps_B_on_clean.mat
  artifactKey: Guid(140029972682ed14f9ac6bd62e290260) Importer(815301076,1909f56bfc062723c751e8b465ee728b)
Start importing Assets/AtmosphericHouse/Materials/Lamps_B_on_clean.mat using Guid(140029972682ed14f9ac6bd62e290260) Importer(815301076,1909f56bfc062723c751e8b465ee728b)  -> (artifact id: 'd4305ef1c05b60b2bcac79e005d09afd') in 0.017106 seconds 
  Import took 0.021440 seconds .

========================================================================
Received Import Request.
  Time since last request: 47.363215 seconds.
  path: Assets/AtmosphericHouse/Meshes/Meshes_props/Pencil_holder.FBX
  artifactKey: Guid(42ddaf584b714e5459066ae28838e683) Importer(815301076,1909f56bfc062723c751e8b465ee728b)
Start importing Assets/AtmosphericHouse/Meshes/Meshes_props/Pencil_holder.FBX using Guid(42ddaf584b714e5459066ae28838e683) Importer(815301076,1909f56bfc062723c751e8b465ee728b)  -> (artifact id: '07ddd488eb891650839987207380ed6a') in 0.246693 seconds 
  Import took 0.251078 seconds .

========================================================================
Received Import Request.
  Time since last request: 0.000114 seconds.
  path: Assets/AtmosphericHouse/Colliders/Sofa_1seat_COL.FBX
  artifactKey: Guid(c8d00ac2e05775d4ab4296bb0b3af90f) Importer(815301076,1909f56bfc062723c751e8b465ee728b)
Start importing Assets/AtmosphericHouse/Colliders/Sofa_1seat_COL.FBX using Guid(c8d00ac2e05775d4ab4296bb0b3af90f) Importer(815301076,1909f56bfc062723c751e8b465ee728b)  -> (artifact id: 'e7a57cfb7264933364085ee77342bf17') in 0.014691 seconds 
  Import took 0.018535 seconds .

========================================================================
Received Import Request.
  Time since last request: 0.000121 seconds.
  path: Assets/AtmosphericHouse/Meshes/Meshes_props/Sofa_1seat.FBX
  artifactKey: Guid(2ba4eda3a66952f4f9f67f75b8166d60) Importer(815301076,1909f56bfc062723c751e8b465ee728b)
Start importing Assets/AtmosphericHouse/Meshes/Meshes_props/Sofa_1seat.FBX using Guid(2ba4eda3a66952f4f9f67f75b8166d60) Importer(815301076,1909f56bfc062723c751e8b465ee728b)  -> (artifact id: 'a4902d8e16fbf0ce86d70457619c0d5d') in 0.023648 seconds 
  Import took 0.027977 seconds .

========================================================================
Received Import Request.
  Time since last request: 0.000137 seconds.
  path: Assets/AtmosphericHouse/Meshes/Meshes_props/Side_table_C.FBX
  artifactKey: Guid(23bc8c615617d8747a3acc665d75df35) Importer(815301076,1909f56bfc062723c751e8b465ee728b)
Start importing Assets/AtmosphericHouse/Meshes/Meshes_props/Side_table_C.FBX using Guid(23bc8c615617d8747a3acc665d75df35) Importer(815301076,1909f56bfc062723c751e8b465ee728b)  -> (artifact id: 'e8d4e1079ff063aaec3fc1e753dfdcc1') in 0.027981 seconds 
  Import took 0.032325 seconds .

========================================================================
Received Import Request.
  Time since last request: 0.000103 seconds.
  path: Assets/AtmosphericHouse/Meshes/Meshes_props/Sofa_2seat.FBX
  artifactKey: Guid(0ba5c36ccc5c5a14ab7bd6c3a0cce24f) Importer(815301076,1909f56bfc062723c751e8b465ee728b)
Start importing Assets/AtmosphericHouse/Meshes/Meshes_props/Sofa_2seat.FBX using Guid(0ba5c36ccc5c5a14ab7bd6c3a0cce24f) Importer(815301076,1909f56bfc062723c751e8b465ee728b)  -> (artifact id: 'efd8cfddc34f6765433f35b042bae022') in 0.023777 seconds 
  Import took 0.028008 seconds .

========================================================================
Received Import Request.
  Time since last request: 0.000101 seconds.
  path: Assets/AtmosphericHouse/Meshes/Meshes_props/Side_table_C.FBX
  artifactKey: Guid(23bc8c615617d8747a3acc665d75df35) Importer(815301076,1909f56bfc062723c751e8b465ee728b)
Start importing Assets/AtmosphericHouse/Meshes/Meshes_props/Side_table_C.FBX using Guid(23bc8c615617d8747a3acc665d75df35) Importer(815301076,1909f56bfc062723c751e8b465ee728b)  -> (artifact id: 'e8d4e1079ff063aaec3fc1e753dfdcc1') in 0.019231 seconds 
  Import took 0.023691 seconds .

========================================================================
Received Import Request.
  Time since last request: 0.000105 seconds.
  path: Assets/AtmosphericHouse/Meshes/Meshes_props/Table_A.FBX
  artifactKey: Guid(91c93996651cc2340b779cc5a197c390) Importer(815301076,1909f56bfc062723c751e8b465ee728b)
Start importing Assets/AtmosphericHouse/Meshes/Meshes_props/Table_A.FBX using Guid(91c93996651cc2340b779cc5a197c390) Importer(815301076,1909f56bfc062723c751e8b465ee728b)  -> (artifact id: 'e11e99ad68da9c7fa8387b023251b572') in 0.023348 seconds 
  Import took 0.027575 seconds .

========================================================================
Received Import Request.
  Time since last request: 0.000123 seconds.
  path: Assets/AtmosphericHouse/Meshes/Meshes_props/Side_table_C_drawer.FBX
  artifactKey: Guid(d69a4b9f986cd4b4c8287254b7e82853) Importer(815301076,1909f56bfc062723c751e8b465ee728b)
Start importing Assets/AtmosphericHouse/Meshes/Meshes_props/Side_table_C_drawer.FBX using Guid(d69a4b9f986cd4b4c8287254b7e82853) Importer(815301076,1909f56bfc062723c751e8b465ee728b)  -> (artifact id: 'd5006b27ae40052aa3fe91fc66a43361') in 0.021898 seconds 
  Import took 0.026111 seconds .

========================================================================
Received Import Request.
  Time since last request: 0.000276 seconds.
  path: Assets/AtmosphericHouse/Colliders/Sofa_3seat_COL.FBX
  artifactKey: Guid(eeb7e58e17f34e142b750272ac98ae6c) Importer(815301076,1909f56bfc062723c751e8b465ee728b)
Start importing Assets/AtmosphericHouse/Colliders/Sofa_3seat_COL.FBX using Guid(eeb7e58e17f34e142b750272ac98ae6c) Importer(815301076,1909f56bfc062723c751e8b465ee728b)  -> (artifact id: '3c89a81a31d543283018bfd59729a3ab') in 0.016479 seconds 
  Import took 0.020487 seconds .

========================================================================
Received Import Request.
  Time since last request: 0.000118 seconds.
  path: Assets/AtmosphericHouse/Meshes/Meshes_props/Sofa_3seat.FBX
  artifactKey: Guid(a80b95779ec723341b9f2d1c66cd100e) Importer(815301076,1909f56bfc062723c751e8b465ee728b)
Start importing Assets/AtmosphericHouse/Meshes/Meshes_props/Sofa_3seat.FBX using Guid(a80b95779ec723341b9f2d1c66cd100e) Importer(815301076,1909f56bfc062723c751e8b465ee728b)  -> (artifact id: '49cde2178d9852d51a66038f8bf61f2d') in 0.020915 seconds 
  Import took 0.025296 seconds .

========================================================================
Received Import Request.
  Time since last request: 0.000113 seconds.
  path: Assets/AtmosphericHouse/Colliders/Sofa_2seat_COL.FBX
  artifactKey: Guid(f90700ead96ec8840b3d688618b44ba9) Importer(815301076,1909f56bfc062723c751e8b465ee728b)
Start importing Assets/AtmosphericHouse/Colliders/Sofa_2seat_COL.FBX using Guid(f90700ead96ec8840b3d688618b44ba9) Importer(815301076,1909f56bfc062723c751e8b465ee728b)  -> (artifact id: 'b7219820074a7c37fd73c8ca6a299360') in 0.015842 seconds 
  Import took 0.019654 seconds .

========================================================================
Received Import Request.
  Time since last request: 0.000127 seconds.
  path: Assets/AtmosphericHouse/Meshes/Meshes_props/Storage_box_B_open.FBX
  artifactKey: Guid(e90c1ff74d59c274594ad5ab1159b291) Importer(815301076,1909f56bfc062723c751e8b465ee728b)
Start importing Assets/AtmosphericHouse/Meshes/Meshes_props/Storage_box_B_open.FBX using Guid(e90c1ff74d59c274594ad5ab1159b291) Importer(815301076,1909f56bfc062723c751e8b465ee728b)  -> (artifact id: '03886ad12b2ac2c3e62d7f31147b8173') in 0.041974 seconds 
  Import took 0.047966 seconds .

========================================================================
Received Import Request.
  Time since last request: 0.000120 seconds.
  path: Assets/AtmosphericHouse/Meshes/Meshes_props/Workdesk_extension.FBX
  artifactKey: Guid(196a5223b7833d74780e5c6ed388cdd8) Importer(815301076,1909f56bfc062723c751e8b465ee728b)
Start importing Assets/AtmosphericHouse/Meshes/Meshes_props/Workdesk_extension.FBX using Guid(196a5223b7833d74780e5c6ed388cdd8) Importer(815301076,1909f56bfc062723c751e8b465ee728b)  -> (artifact id: 'd12410af44986b33fd7c8650759e255f') in 0.046621 seconds 
  Import took 0.051291 seconds .

========================================================================
Received Import Request.
  Time since last request: 0.000125 seconds.
  path: Assets/AtmosphericHouse/Meshes/Meshes_props/Storage_box_B_open.FBX
  artifactKey: Guid(e90c1ff74d59c274594ad5ab1159b291) Importer(815301076,1909f56bfc062723c751e8b465ee728b)
Start importing Assets/AtmosphericHouse/Meshes/Meshes_props/Storage_box_B_open.FBX using Guid(e90c1ff74d59c274594ad5ab1159b291) Importer(815301076,1909f56bfc062723c751e8b465ee728b)  -> (artifact id: '03886ad12b2ac2c3e62d7f31147b8173') in 0.041087 seconds 
  Import took 0.046850 seconds .

========================================================================
Received Import Request.
  Time since last request: 0.000153 seconds.
  path: Assets/AtmosphericHouse/Meshes/Meshes_props/Table_coffee.FBX
  artifactKey: Guid(6b55797566310914686c9159117334f6) Importer(815301076,1909f56bfc062723c751e8b465ee728b)
Start importing Assets/AtmosphericHouse/Meshes/Meshes_props/Table_coffee.FBX using Guid(6b55797566310914686c9159117334f6) Importer(815301076,1909f56bfc062723c751e8b465ee728b)  -> (artifact id: '40e958a5197e552d9dea03f6917a9271') in 0.020829 seconds 
  Import took 0.025185 seconds .

========================================================================
Received Import Request.
  Time since last request: 1.199769 seconds.
  path: Assets/AtmosphericHouse/Meshes/Meshes_props/Lamp_table_shade.FBX
  artifactKey: Guid(7ed664bf04fbdba4689dfc48dd1bb586) Importer(815301076,1909f56bfc062723c751e8b465ee728b)
Start importing Assets/AtmosphericHouse/Meshes/Meshes_props/Lamp_table_shade.FBX using Guid(7ed664bf04fbdba4689dfc48dd1bb586) Importer(815301076,1909f56bfc062723c751e8b465ee728b)  -> (artifact id: 'a81d6c235eb88edaf43835a34f96876a') in 0.027732 seconds 
  Import took 0.032118 seconds .

========================================================================
Received Import Request.
  Time since last request: 0.000104 seconds.
  path: Assets/AtmosphericHouse/Meshes/Meshes_props/Magazine_A.FBX
  artifactKey: Guid(9039e504a94a4bb4d9afe8d7b25b6e1a) Importer(815301076,1909f56bfc062723c751e8b465ee728b)
Start importing Assets/AtmosphericHouse/Meshes/Meshes_props/Magazine_A.FBX using Guid(9039e504a94a4bb4d9afe8d7b25b6e1a) Importer(815301076,1909f56bfc062723c751e8b465ee728b)  -> (artifact id: 'f91acbf7737ba47336ecc2d8ea14c1f7') in 0.019236 seconds 
  Import took 0.023574 seconds .

========================================================================
Received Import Request.
  Time since last request: 0.000128 seconds.
  path: Assets/AtmosphericHouse/Meshes/Meshes_props/Painting_R.FBX
  artifactKey: Guid(b78d400ff13281243bf7bdbe5cee2e2e) Importer(815301076,1909f56bfc062723c751e8b465ee728b)
Start importing Assets/AtmosphericHouse/Meshes/Meshes_props/Painting_R.FBX using Guid(b78d400ff13281243bf7bdbe5cee2e2e) Importer(815301076,1909f56bfc062723c751e8b465ee728b)  -> (artifact id: '54d014984e24903d19b7adbfc3b7a0e1') in 0.024250 seconds 
  Import took 0.028699 seconds .

========================================================================
Received Import Request.
  Time since last request: 0.000105 seconds.
  path: Assets/AtmosphericHouse/Meshes/Meshes_props/Lamp_ceiling_cone_B.FBX
  artifactKey: Guid(2fae858c9696d074c9876697ea67094a) Importer(815301076,1909f56bfc062723c751e8b465ee728b)
Start importing Assets/AtmosphericHouse/Meshes/Meshes_props/Lamp_ceiling_cone_B.FBX using Guid(2fae858c9696d074c9876697ea67094a) Importer(815301076,1909f56bfc062723c751e8b465ee728b)  -> (artifact id: '7c9cc12161479eb3d1ac855db1a3044d') in 0.019772 seconds 
  Import took 0.024237 seconds .

========================================================================
Received Import Request.
  Time since last request: 0.000143 seconds.
  path: Assets/AtmosphericHouse/Meshes/Meshes_props/Interior_plant_C.FBX
  artifactKey: Guid(0653a75c2678c9240b7d96753b83bed3) Importer(815301076,1909f56bfc062723c751e8b465ee728b)
Start importing Assets/AtmosphericHouse/Meshes/Meshes_props/Interior_plant_C.FBX using Guid(0653a75c2678c9240b7d96753b83bed3) Importer(815301076,1909f56bfc062723c751e8b465ee728b)  -> (artifact id: '8ee0e34621b2a0d791e97b979dcd9b88') in 0.025236 seconds 
  Import took 0.030369 seconds .

========================================================================
Received Import Request.
  Time since last request: 0.000133 seconds.
  path: Assets/AtmosphericHouse/Meshes/Meshes_props/Interior_plant_B.FBX
  artifactKey: Guid(9c5dcf253dbb39643b4f5c41a13fe694) Importer(815301076,1909f56bfc062723c751e8b465ee728b)
Start importing Assets/AtmosphericHouse/Meshes/Meshes_props/Interior_plant_B.FBX using Guid(9c5dcf253dbb39643b4f5c41a13fe694) Importer(815301076,1909f56bfc062723c751e8b465ee728b)  -> (artifact id: 'a3c3bc63c87df4fe10b2b91bf31833e5') in 0.024899 seconds 
  Import took 0.029732 seconds .

========================================================================
Received Import Request.
  Time since last request: 0.000119 seconds.
  path: Assets/AtmosphericHouse/Meshes/Meshes_props/Painting_Q.FBX
  artifactKey: Guid(1aeb691be0dd45a488be6fa46c5d671f) Importer(815301076,1909f56bfc062723c751e8b465ee728b)
Start importing Assets/AtmosphericHouse/Meshes/Meshes_props/Painting_Q.FBX using Guid(1aeb691be0dd45a488be6fa46c5d671f) Importer(815301076,1909f56bfc062723c751e8b465ee728b)  -> (artifact id: '78b5941097c28d04d5dfa79eafc9a931') in 0.025666 seconds 
  Import took 0.030132 seconds .

========================================================================
Received Import Request.
  Time since last request: 0.000125 seconds.
  path: Assets/AtmosphericHouse/Meshes/Meshes_props/Interior_plant_B.FBX
  artifactKey: Guid(9c5dcf253dbb39643b4f5c41a13fe694) Importer(815301076,1909f56bfc062723c751e8b465ee728b)
Start importing Assets/AtmosphericHouse/Meshes/Meshes_props/Interior_plant_B.FBX using Guid(9c5dcf253dbb39643b4f5c41a13fe694) Importer(815301076,1909f56bfc062723c751e8b465ee728b)  -> (artifact id: 'a3c3bc63c87df4fe10b2b91bf31833e5') in 0.021021 seconds 
  Import took 0.025440 seconds .

========================================================================
Received Import Request.
  Time since last request: 0.000117 seconds.
  path: Assets/AtmosphericHouse/Meshes/Meshes_props/Lamp_cellar_wall.FBX
  artifactKey: Guid(38a0612bfbef2e74787afaad35862cc6) Importer(815301076,1909f56bfc062723c751e8b465ee728b)
Start importing Assets/AtmosphericHouse/Meshes/Meshes_props/Lamp_cellar_wall.FBX using Guid(38a0612bfbef2e74787afaad35862cc6) Importer(815301076,1909f56bfc062723c751e8b465ee728b)  -> (artifact id: '30c58fb32f2765a22aafc444bcd2dc23') in 0.019768 seconds 
  Import took 0.024094 seconds .

========================================================================
Received Import Request.
  Time since last request: 0.000122 seconds.
  path: Assets/AtmosphericHouse/Meshes/Meshes_props/Papers_pile_B.FBX
  artifactKey: Guid(fc8fe50ee2a4029408e8e968fc5484ab) Importer(815301076,1909f56bfc062723c751e8b465ee728b)
Start importing Assets/AtmosphericHouse/Meshes/Meshes_props/Papers_pile_B.FBX using Guid(fc8fe50ee2a4029408e8e968fc5484ab) Importer(815301076,1909f56bfc062723c751e8b465ee728b)  -> (artifact id: '3cd3adcb370d1ca39f227cf6b73ad25e') in 0.021371 seconds 
  Import took 0.025596 seconds .

========================================================================
Received Import Request.
  Time since last request: 0.000141 seconds.
  path: Assets/AtmosphericHouse/Meshes/Meshes_props/Lamp_ceiling_ball.FBX
  artifactKey: Guid(865595e2916cf5b4986e1775fb652d5c) Importer(815301076,1909f56bfc062723c751e8b465ee728b)
Start importing Assets/AtmosphericHouse/Meshes/Meshes_props/Lamp_ceiling_ball.FBX using Guid(865595e2916cf5b4986e1775fb652d5c) Importer(815301076,1909f56bfc062723c751e8b465ee728b)  -> (artifact id: '2afefd360c0f45940f90f9a1cf6d58a1') in 0.027076 seconds 
  Import took 0.031395 seconds .

========================================================================
Received Import Request.
  Time since last request: 0.000111 seconds.
  path: Assets/AtmosphericHouse/Meshes/Meshes_props/Lamp_table_work.FBX
  artifactKey: Guid(eb093dee98eba9f468c4a7bcfaab8422) Importer(815301076,1909f56bfc062723c751e8b465ee728b)
Start importing Assets/AtmosphericHouse/Meshes/Meshes_props/Lamp_table_work.FBX using Guid(eb093dee98eba9f468c4a7bcfaab8422) Importer(815301076,1909f56bfc062723c751e8b465ee728b)  -> (artifact id: '866a2ece786c6658b6822a156af61ed3') in 0.021219 seconds 
  Import took 0.025534 seconds .

========================================================================
Received Import Request.
  Time since last request: 0.000140 seconds.
  path: Assets/AtmosphericHouse/Meshes/Meshes_props/Magazine_B.FBX
  artifactKey: Guid(ddb9dcf565a289c47a8000ddef894589) Importer(815301076,1909f56bfc062723c751e8b465ee728b)
Start importing Assets/AtmosphericHouse/Meshes/Meshes_props/Magazine_B.FBX using Guid(ddb9dcf565a289c47a8000ddef894589) Importer(815301076,1909f56bfc062723c751e8b465ee728b)  -> (artifact id: 'e05ff7f8ebce809d0f4fbe3866baf6d8') in 0.020233 seconds 
  Import took 0.025169 seconds .

========================================================================
Received Import Request.
  Time since last request: 0.000119 seconds.
  path: Assets/AtmosphericHouse/Meshes/Meshes_props/Lamp_ceiling_round.FBX
  artifactKey: Guid(940e5285623885642b17a3d0d783f0f0) Importer(815301076,1909f56bfc062723c751e8b465ee728b)
Start importing Assets/AtmosphericHouse/Meshes/Meshes_props/Lamp_ceiling_round.FBX using Guid(940e5285623885642b17a3d0d783f0f0) Importer(815301076,1909f56bfc062723c751e8b465ee728b)  -> (artifact id: '91763bfd891a3e8b4eba85668ef7a81f') in 0.018817 seconds 
  Import took 0.023250 seconds .

========================================================================
Received Import Request.
  Time since last request: 0.000147 seconds.
  path: Assets/AtmosphericHouse/Meshes/Meshes_props/Painting_I.FBX
  artifactKey: Guid(de8fa9ae293b5f14aab4f6c08e61f5d5) Importer(815301076,1909f56bfc062723c751e8b465ee728b)
Start importing Assets/AtmosphericHouse/Meshes/Meshes_props/Painting_I.FBX using Guid(de8fa9ae293b5f14aab4f6c08e61f5d5) Importer(815301076,1909f56bfc062723c751e8b465ee728b)  -> (artifact id: '93423ac646fa8e20b92d35d41c2a8d96') in 0.023275 seconds 
  Import took 0.027817 seconds .

========================================================================
Received Import Request.
  Time since last request: 0.743802 seconds.
  path: Assets/AtmosphericHouse/Meshes/Meshes_props/Computer_mouse.FBX
  artifactKey: Guid(eaf252a8876abab40bc7ad4cd05197f9) Importer(815301076,1909f56bfc062723c751e8b465ee728b)
Start importing Assets/AtmosphericHouse/Meshes/Meshes_props/Computer_mouse.FBX using Guid(eaf252a8876abab40bc7ad4cd05197f9) Importer(815301076,1909f56bfc062723c751e8b465ee728b)  -> (artifact id: '95dab78a59859e7f1637f4d2788130d6') in 0.019149 seconds 
  Import took 0.023958 seconds .

========================================================================
Received Import Request.
  Time since last request: 0.000126 seconds.
  path: Assets/AtmosphericHouse/Meshes/Meshes_props/Interior_plant_A.FBX
  artifactKey: Guid(1802d78babd62434c848f94e3fd4fdf4) Importer(815301076,1909f56bfc062723c751e8b465ee728b)
Start importing Assets/AtmosphericHouse/Meshes/Meshes_props/Interior_plant_A.FBX using Guid(1802d78babd62434c848f94e3fd4fdf4) Importer(815301076,1909f56bfc062723c751e8b465ee728b)  -> (artifact id: '9c550b7bb614d47b4880317bfa0f7ce8') in 0.020315 seconds 
  Import took 0.025372 seconds .

========================================================================
Received Import Request.
  Time since last request: 0.000126 seconds.
  path: Assets/AtmosphericHouse/Meshes/Meshes_props/Computer_central_unit.FBX
  artifactKey: Guid(0bb9a50dc57c3e544945e28998edcd86) Importer(815301076,1909f56bfc062723c751e8b465ee728b)
Start importing Assets/AtmosphericHouse/Meshes/Meshes_props/Computer_central_unit.FBX using Guid(0bb9a50dc57c3e544945e28998edcd86) Importer(815301076,1909f56bfc062723c751e8b465ee728b)  -> (artifact id: '2b7e67112ec42154781dd7816d2a9ce7') in 0.019532 seconds 
  Import took 0.023888 seconds .

========================================================================
Received Import Request.
  Time since last request: 0.000136 seconds.
  path: Assets/AtmosphericHouse/Meshes/Meshes_props/Carpet_persian_B.FBX
  artifactKey: Guid(399faefe1c5ab9242b7178e881501d0e) Importer(815301076,1909f56bfc062723c751e8b465ee728b)
Start importing Assets/AtmosphericHouse/Meshes/Meshes_props/Carpet_persian_B.FBX using Guid(399faefe1c5ab9242b7178e881501d0e) Importer(815301076,1909f56bfc062723c751e8b465ee728b)  -> (artifact id: 'c62db3da55799dc3c6dfd86105bc2948') in 0.022126 seconds 
  Import took 0.026603 seconds .

========================================================================
Received Import Request.
  Time since last request: 0.000127 seconds.
  path: Assets/AtmosphericHouse/Meshes/Meshes_props/Cardboard_box_E.FBX
  artifactKey: Guid(b073db0a5a4f0f6489d6247e4a1f6966) Importer(815301076,1909f56bfc062723c751e8b465ee728b)
Start importing Assets/AtmosphericHouse/Meshes/Meshes_props/Cardboard_box_E.FBX using Guid(b073db0a5a4f0f6489d6247e4a1f6966) Importer(815301076,1909f56bfc062723c751e8b465ee728b)  -> (artifact id: '2c10752d24f200c9613eef089de143cc') in 0.019302 seconds 
  Import took 0.024115 seconds .

========================================================================
Received Import Request.
  Time since last request: 0.000118 seconds.
  path: Assets/AtmosphericHouse/Meshes/Meshes_props/Chair_wooden.FBX
  artifactKey: Guid(d11fd38820ad9d143b23b6945079514a) Importer(815301076,1909f56bfc062723c751e8b465ee728b)
Start importing Assets/AtmosphericHouse/Meshes/Meshes_props/Chair_wooden.FBX using Guid(d11fd38820ad9d143b23b6945079514a) Importer(815301076,1909f56bfc062723c751e8b465ee728b)  -> (artifact id: 'a0976731baa67962400c4e440fe91fc2') in 0.018722 seconds 
  Import took 0.022873 seconds .

========================================================================
Received Import Request.
  Time since last request: 0.000121 seconds.
  path: Assets/AtmosphericHouse/Meshes/Meshes_props/Bookcase_B.FBX
  artifactKey: Guid(9f0dbb4454112d849934f22a7ebf058b) Importer(815301076,1909f56bfc062723c751e8b465ee728b)
Start importing Assets/AtmosphericHouse/Meshes/Meshes_props/Bookcase_B.FBX using Guid(9f0dbb4454112d849934f22a7ebf058b) Importer(815301076,1909f56bfc062723c751e8b465ee728b)  -> (artifact id: 'd76401f0a77233f0a37eed9cc31a807e') in 0.020389 seconds 
  Import took 0.024932 seconds .

========================================================================
Received Import Request.
  Time since last request: 0.000116 seconds.
  path: Assets/AtmosphericHouse/Meshes/Meshes_props/Computer_screen.FBX
  artifactKey: Guid(4205edbfb2966c14c9597a5ab8a389c8) Importer(815301076,1909f56bfc062723c751e8b465ee728b)
Start importing Assets/AtmosphericHouse/Meshes/Meshes_props/Computer_screen.FBX using Guid(4205edbfb2966c14c9597a5ab8a389c8) Importer(815301076,1909f56bfc062723c751e8b465ee728b)  -> (artifact id: 'd8ac81bcf1329661929dc5e970ece6a3') in 0.018373 seconds 
  Import took 0.022583 seconds .

========================================================================
Received Import Request.
  Time since last request: 0.000119 seconds.
  path: Assets/AtmosphericHouse/Meshes/Meshes_props/Book_set_G.FBX
  artifactKey: Guid(97c371abad8630449b4d921c9052aef7) Importer(815301076,1909f56bfc062723c751e8b465ee728b)
Start importing Assets/AtmosphericHouse/Meshes/Meshes_props/Book_set_G.FBX using Guid(97c371abad8630449b4d921c9052aef7) Importer(815301076,1909f56bfc062723c751e8b465ee728b)  -> (artifact id: '40509062015c9a822a2b3626ff06c2cb') in 0.035326 seconds 
  Import took 0.039867 seconds .

========================================================================
Received Import Request.
  Time since last request: 0.000129 seconds.
  path: Assets/AtmosphericHouse/Meshes/Meshes_props/Book_set_A.FBX
  artifactKey: Guid(70ca7756b3c989949be69d9ffb55f227) Importer(815301076,1909f56bfc062723c751e8b465ee728b)
Start importing Assets/AtmosphericHouse/Meshes/Meshes_props/Book_set_A.FBX using Guid(70ca7756b3c989949be69d9ffb55f227) Importer(815301076,1909f56bfc062723c751e8b465ee728b)  -> (artifact id: '151db4688d070799024445aaa193e61a') in 0.034170 seconds 
  Import took 0.038450 seconds .

========================================================================
Received Import Request.
  Time since last request: 0.000115 seconds.
  path: Assets/AtmosphericHouse/Meshes/Meshes_props/Cardboard_box_A.FBX
  artifactKey: Guid(2fb3fd0d46d4fef42b978a4d4c5af3d0) Importer(815301076,1909f56bfc062723c751e8b465ee728b)
Start importing Assets/AtmosphericHouse/Meshes/Meshes_props/Cardboard_box_A.FBX using Guid(2fb3fd0d46d4fef42b978a4d4c5af3d0) Importer(815301076,1909f56bfc062723c751e8b465ee728b)  -> (artifact id: '213bbd00bd22819a02a008d0de1c372e') in 0.019238 seconds 
  Import took 0.023501 seconds .

========================================================================
Received Import Request.
  Time since last request: 0.000124 seconds.
  path: Assets/AtmosphericHouse/Meshes/Meshes_props/Carpet_persian_A.FBX
  artifactKey: Guid(e72c9e9b2f63b7847b693006d1474b6a) Importer(815301076,1909f56bfc062723c751e8b465ee728b)
Start importing Assets/AtmosphericHouse/Meshes/Meshes_props/Carpet_persian_A.FBX using Guid(e72c9e9b2f63b7847b693006d1474b6a) Importer(815301076,1909f56bfc062723c751e8b465ee728b)  -> (artifact id: '789aa1df656c8687daea1cc2956f001c') in 0.018763 seconds 
  Import took 0.023041 seconds .

========================================================================
Received Import Request.
  Time since last request: 0.000123 seconds.
  path: Assets/AtmosphericHouse/Meshes/Meshes_props/Book_set_F.FBX
  artifactKey: Guid(b15c9732295a02049bf46762be938f99) Importer(815301076,1909f56bfc062723c751e8b465ee728b)
Start importing Assets/AtmosphericHouse/Meshes/Meshes_props/Book_set_F.FBX using Guid(b15c9732295a02049bf46762be938f99) Importer(815301076,1909f56bfc062723c751e8b465ee728b)  -> (artifact id: '9c070c2f5cef459c12fe2d654b2f42d0') in 0.035441 seconds 
  Import took 0.039766 seconds .

========================================================================
Received Import Request.
  Time since last request: 0.000126 seconds.
  path: Assets/AtmosphericHouse/Meshes/Meshes_props/Cardboard_box_B.FBX
  artifactKey: Guid(f682a35e797dcf649ac874e9ecfbaf9a) Importer(815301076,1909f56bfc062723c751e8b465ee728b)
Start importing Assets/AtmosphericHouse/Meshes/Meshes_props/Cardboard_box_B.FBX using Guid(f682a35e797dcf649ac874e9ecfbaf9a) Importer(815301076,1909f56bfc062723c751e8b465ee728b)  -> (artifact id: '241678bc5e5ce9a37e4853b458e90dd5') in 0.018444 seconds 
  Import took 0.022581 seconds .

========================================================================
Received Import Request.
  Time since last request: 0.000121 seconds.
  path: Assets/AtmosphericHouse/Meshes/Meshes_props/Folder_set_D.FBX
  artifactKey: Guid(8c89c3b7df1705f4387f4ff81452cbaa) Importer(815301076,1909f56bfc062723c751e8b465ee728b)
Start importing Assets/AtmosphericHouse/Meshes/Meshes_props/Folder_set_D.FBX using Guid(8c89c3b7df1705f4387f4ff81452cbaa) Importer(815301076,1909f56bfc062723c751e8b465ee728b)  -> (artifact id: 'c763dc4d80d9562b2312e4769fc5f444') in 0.019069 seconds 
  Import took 0.023420 seconds .

========================================================================
Received Import Request.
  Time since last request: 0.000127 seconds.
  path: Assets/AtmosphericHouse/Meshes/Meshes_props/Computer_keyboard.FBX
  artifactKey: Guid(28e566b372dbf1242addf0f5eeae36d3) Importer(815301076,1909f56bfc062723c751e8b465ee728b)
Start importing Assets/AtmosphericHouse/Meshes/Meshes_props/Computer_keyboard.FBX using Guid(28e566b372dbf1242addf0f5eeae36d3) Importer(815301076,1909f56bfc062723c751e8b465ee728b)  -> (artifact id: '9538867f61a1f3ac6c7a8b7422916640') in 0.019341 seconds 
  Import took 0.023638 seconds .

========================================================================
Received Import Request.
  Time since last request: 0.000128 seconds.
  path: Assets/AtmosphericHouse/Meshes/Meshes_props/Computer_mousepad.FBX
  artifactKey: Guid(3a77740afa00f834d8f75a517d8710d7) Importer(815301076,1909f56bfc062723c751e8b465ee728b)
Start importing Assets/AtmosphericHouse/Meshes/Meshes_props/Computer_mousepad.FBX using Guid(3a77740afa00f834d8f75a517d8710d7) Importer(815301076,1909f56bfc062723c751e8b465ee728b)  -> (artifact id: 'bf2fce1d309169393bfa142a0ba4d596') in 0.018201 seconds 
  Import took 0.022350 seconds .

========================================================================
Received Import Request.
  Time since last request: 662.359940 seconds.
  path: Assets/Materials/Skybox_Mat.mat
  artifactKey: Guid(0ffaa0b7117ba8c47a9d05ae701d4b4d) Importer(815301076,1909f56bfc062723c751e8b465ee728b)
Start importing Assets/Materials/Skybox_Mat.mat using Guid(0ffaa0b7117ba8c47a9d05ae701d4b4d) Importer(815301076,1909f56bfc062723c751e8b465ee728b)  -> (artifact id: '2fff24ad76d3379256a8a0697fbce4c8') in 0.015714 seconds 
  Import took 0.020589 seconds .

========================================================================
Received Import Request.
  Time since last request: 6.950312 seconds.
  path: Assets/Materials/Shiny.mat
  artifactKey: Guid(340865f6394ab9e44aa7b2b2d273f82d) Importer(815301076,1909f56bfc062723c751e8b465ee728b)
Start importing Assets/Materials/Shiny.mat using Guid(340865f6394ab9e44aa7b2b2d273f82d) Importer(815301076,1909f56bfc062723c751e8b465ee728b)  -> (artifact id: '414fff2a6a696466bedb8198de7ff2d3') in 0.011363 seconds 
  Import took 0.015547 seconds .

========================================================================
Received Import Request.
  Time since last request: 331.692642 seconds.
  path: Assets/Materials/Shiny.mat
  artifactKey: Guid(340865f6394ab9e44aa7b2b2d273f82d) Importer(815301076,1909f56bfc062723c751e8b465ee728b)
Start importing Assets/Materials/Shiny.mat using Guid(340865f6394ab9e44aa7b2b2d273f82d) Importer(815301076,1909f56bfc062723c751e8b465ee728b)  -> (artifact id: '98e502f2536ad3823c5c483ff3681db3') in 0.010868 seconds 
  Import took 0.016263 seconds .

========================================================================
Received Import Request.
  Time since last request: 177.870289 seconds.
  path: Assets/Materials/White.mat
  artifactKey: Guid(704048390bd8dad4bab12b85692eb089) Importer(815301076,1909f56bfc062723c751e8b465ee728b)
Start importing Assets/Materials/White.mat using Guid(704048390bd8dad4bab12b85692eb089) Importer(815301076,1909f56bfc062723c751e8b465ee728b)  -> (artifact id: '4e2fdf23bc45a4d83e186c2783dd4cbf') in 0.009770 seconds 
  Import took 0.014453 seconds .

========================================================================
Received Import Request.
  Time since last request: 850.074378 seconds.
  path: Packages/com.unity.render-pipelines.universal/Runtime/Materials/Lit.mat
  artifactKey: Guid(31321ba15b8f8eb4c954353edc038b1d) Importer(815301076,1909f56bfc062723c751e8b465ee728b)
Start importing Packages/com.unity.render-pipelines.universal/Runtime/Materials/Lit.mat using Guid(31321ba15b8f8eb4c954353edc038b1d) Importer(815301076,1909f56bfc062723c751e8b465ee728b)  -> (artifact id: '4ea3e27691ae470303727210760deb0e') in 0.015057 seconds 
  Import took 0.019887 seconds .

========================================================================
Received Import Request.
  Time since last request: 0.000126 seconds.
  path: Packages/com.unity.render-pipelines.universal/Runtime/Materials/ParticlesUnlit.mat
  artifactKey: Guid(e823cd5b5d27c0f4b8256e7c12ee3e6d) Importer(815301076,1909f56bfc062723c751e8b465ee728b)
Start importing Packages/com.unity.render-pipelines.universal/Runtime/Materials/ParticlesUnlit.mat using Guid(e823cd5b5d27c0f4b8256e7c12ee3e6d) Importer(815301076,1909f56bfc062723c751e8b465ee728b)  -> (artifact id: 'c9785fefae57aa7c11e2b107054fdc10') in 0.014918 seconds 
  Import took 0.018735 seconds .

========================================================================
Received Import Request.
  Time since last request: 0.000110 seconds.
  path: Packages/com.unity.render-pipelines.universal/Runtime/Materials/TerrainLit.mat
  artifactKey: Guid(594ea882c5a793440b60ff72d896021e) Importer(815301076,1909f56bfc062723c751e8b465ee728b)
Start importing Packages/com.unity.render-pipelines.universal/Runtime/Materials/TerrainLit.mat using Guid(594ea882c5a793440b60ff72d896021e) Importer(815301076,1909f56bfc062723c751e8b465ee728b)  -> (artifact id: 'f84796123d2a2fd64fada2a6788a068d') in 0.298227 seconds 
  Import took 0.302058 seconds .

========================================================================
Received Import Request.
  Time since last request: 0.000126 seconds.
  path: Packages/com.unity.render-pipelines.universal/Runtime/Materials/Sprite-Unlit-Default.mat
  artifactKey: Guid(9dfc825aed78fcd4ba02077103263b40) Importer(815301076,1909f56bfc062723c751e8b465ee728b)
Start importing Packages/com.unity.render-pipelines.universal/Runtime/Materials/Sprite-Unlit-Default.mat using Guid(9dfc825aed78fcd4ba02077103263b40) Importer(815301076,1909f56bfc062723c751e8b465ee728b)  -> (artifact id: '9fbcb5969776018e7e5ecfdb137e9dfd') in 0.031930 seconds 
  Import took 0.035618 seconds .

========================================================================
Received Import Request.
  Time since last request: 0.000113 seconds.
  path: Packages/com.unity.render-pipelines.universal/Runtime/Materials/SimpleLit.mat
  artifactKey: Guid(6a1143ee683302f4aa628c052723efc1) Importer(815301076,1909f56bfc062723c751e8b465ee728b)
Start importing Packages/com.unity.render-pipelines.universal/Runtime/Materials/SimpleLit.mat using Guid(6a1143ee683302f4aa628c052723efc1) Importer(815301076,1909f56bfc062723c751e8b465ee728b)  -> (artifact id: '667477dbdfcf65f378681136d247b7c8') in 0.291611 seconds 
  Import took 0.295337 seconds .

========================================================================
Received Import Request.
  Time since last request: 0.000118 seconds.
  path: Packages/com.unity.render-pipelines.universal/Runtime/Materials/Sprite-Lit-Default.mat
  artifactKey: Guid(a97c105638bdf8b4a8650670310a4cd3) Importer(815301076,1909f56bfc062723c751e8b465ee728b)
Start importing Packages/com.unity.render-pipelines.universal/Runtime/Materials/Sprite-Lit-Default.mat using Guid(a97c105638bdf8b4a8650670310a4cd3) Importer(815301076,1909f56bfc062723c751e8b465ee728b)  -> (artifact id: '5a83942aed93f0a7e357c50ff93b5e6b') in 0.016547 seconds 
  Import took 0.020286 seconds .

========================================================================
Received Import Request.
  Time since last request: 0.000135 seconds.
  path: Packages/com.unity.render-pipelines.universal/Runtime/Materials/SimpleLit.mat
  artifactKey: Guid(6a1143ee683302f4aa628c052723efc1) Importer(815301076,1909f56bfc062723c751e8b465ee728b)
Start importing Packages/com.unity.render-pipelines.universal/Runtime/Materials/SimpleLit.mat using Guid(6a1143ee683302f4aa628c052723efc1) Importer(815301076,1909f56bfc062723c751e8b465ee728b)  -> (artifact id: '667477dbdfcf65f378681136d247b7c8') in 0.009291 seconds 
  Import took 0.013201 seconds .

========================================================================
Received Import Request.
  Time since last request: 0.000125 seconds.
  path: Packages/com.unity.render-pipelines.universal/Runtime/Materials/Lit.mat
  artifactKey: Guid(31321ba15b8f8eb4c954353edc038b1d) Importer(815301076,1909f56bfc062723c751e8b465ee728b)
Start importing Packages/com.unity.render-pipelines.universal/Runtime/Materials/Lit.mat using Guid(31321ba15b8f8eb4c954353edc038b1d) Importer(815301076,1909f56bfc062723c751e8b465ee728b)  -> (artifact id: '4ea3e27691ae470303727210760deb0e') in 0.007842 seconds 
  Import took 0.012142 seconds .

========================================================================
Received Import Request.
  Time since last request: 0.034572 seconds.
  path: Packages/com.unity.searcher/Editor/Resources/FlatSkin/Font/Roboto-Italic.ttf
  artifactKey: Guid(c839255fc8f6b4b4d90bf8c1af9f9bd1) Importer(815301076,1909f56bfc062723c751e8b465ee728b)
Start importing Packages/com.unity.searcher/Editor/Resources/FlatSkin/Font/Roboto-Italic.ttf using Guid(c839255fc8f6b4b4d90bf8c1af9f9bd1) Importer(815301076,1909f56bfc062723c751e8b465ee728b)  -> (artifact id: 'c91e327c535d3e7a38c1b114ce6ef608') in 0.033274 seconds 
  Import took 0.037415 seconds .

========================================================================
Received Import Request.
  Time since last request: 0.000107 seconds.
  path: Assets/Materials/Stylized/Grass/Grass.mat
  artifactKey: Guid(e49cf35ddf366c74fa6b0060e15b9fe7) Importer(815301076,1909f56bfc062723c751e8b465ee728b)
Start importing Assets/Materials/Stylized/Grass/Grass.mat using Guid(e49cf35ddf366c74fa6b0060e15b9fe7) Importer(815301076,1909f56bfc062723c751e8b465ee728b)  -> (artifact id: '50ee59736f2163a355377bc3117bc7a6') in 0.024152 seconds 
  Import took 0.028462 seconds .

========================================================================
Received Import Request.
  Time since last request: 0.000128 seconds.
  path: Assets/Materials/Realistic/RedMud/RedMud.mat
  artifactKey: Guid(9e985257c0e746c4aae22c8e53e015f9) Importer(815301076,1909f56bfc062723c751e8b465ee728b)
Start importing Assets/Materials/Realistic/RedMud/RedMud.mat using Guid(9e985257c0e746c4aae22c8e53e015f9) Importer(815301076,1909f56bfc062723c751e8b465ee728b)  -> (artifact id: '7b354ba5c35a4ff5b7b02fd4c51c43f6') in 0.029206 seconds 
  Import took 0.034512 seconds .

========================================================================
Received Import Request.
  Time since last request: 0.000151 seconds.
  path: Assets/Materials/Realistic/RockyGravel/RockyGrave.mat
  artifactKey: Guid(bd236ada624544a4f8bc60149fe7251c) Importer(815301076,1909f56bfc062723c751e8b465ee728b)
Start importing Assets/Materials/Realistic/RockyGravel/RockyGrave.mat using Guid(bd236ada624544a4f8bc60149fe7251c) Importer(815301076,1909f56bfc062723c751e8b465ee728b)  -> (artifact id: 'cda67bc935487248e7f1113923afae4c') in 0.047425 seconds 
  Import took 0.053677 seconds .

========================================================================
Received Import Request.
  Time since last request: 0.000129 seconds.
  path: Assets/Materials/Stylized/Rock/GlowyRock.mat
  artifactKey: Guid(9b841fa746d1dc14d8f45fc441740163) Importer(815301076,1909f56bfc062723c751e8b465ee728b)
Start importing Assets/Materials/Stylized/Rock/GlowyRock.mat using Guid(9b841fa746d1dc14d8f45fc441740163) Importer(815301076,1909f56bfc062723c751e8b465ee728b)  -> (artifact id: 'ed75bcf65c8d815648f144904791c1d3') in 0.021982 seconds 
  Import took 0.026568 seconds .

========================================================================
Received Import Request.
  Time since last request: 0.000154 seconds.
  path: Packages/com.unity.probuilder/Content/Resources/Materials/ProBuilderDefault.mat
  artifactKey: Guid(c22777d6e868e4f2fb421913386b154e) Importer(815301076,1909f56bfc062723c751e8b465ee728b)
Start importing Packages/com.unity.probuilder/Content/Resources/Materials/ProBuilderDefault.mat using Guid(c22777d6e868e4f2fb421913386b154e) Importer(815301076,1909f56bfc062723c751e8b465ee728b)  -> (artifact id: '1141730085b91a2dbaefa003e94c30f5') in 0.020043 seconds 
  Import took 0.023978 seconds .

========================================================================
Received Import Request.
  Time since last request: 0.000122 seconds.
  path: Packages/com.unity.probuilder/Content/Resources/Materials/NoDraw.mat
  artifactKey: Guid(8cb4d6fee77fd4ee6895f08b240d625f) Importer(815301076,1909f56bfc062723c751e8b465ee728b)
Start importing Packages/com.unity.probuilder/Content/Resources/Materials/NoDraw.mat using Guid(8cb4d6fee77fd4ee6895f08b240d625f) Importer(815301076,1909f56bfc062723c751e8b465ee728b)  -> (artifact id: 'dbd02693b73a38336af391129a8e1f4e') in 0.033902 seconds 
  Import took 0.037690 seconds .

========================================================================
Received Import Request.
  Time since last request: 0.000118 seconds.
  path: Assets/Materials/Special/Splatter/Splat.mat
  artifactKey: Guid(e51bed37ce295c442a93721cf37c2b43) Importer(815301076,1909f56bfc062723c751e8b465ee728b)
Start importing Assets/Materials/Special/Splatter/Splat.mat using Guid(e51bed37ce295c442a93721cf37c2b43) Importer(815301076,1909f56bfc062723c751e8b465ee728b)  -> (artifact id: '4df769577af2be3b6b3ebbdea47b91b3') in 0.011357 seconds 
  Import took 0.015332 seconds .

========================================================================
Received Import Request.
  Time since last request: 0.000138 seconds.
  path: Packages/com.unity.probuilder/Content/Resources/Materials/StandardVertexColorLWRP.mat
  artifactKey: Guid(077a003b1de1e4c35923be7a21b5d948) Importer(815301076,1909f56bfc062723c751e8b465ee728b)
Start importing Packages/com.unity.probuilder/Content/Resources/Materials/StandardVertexColorLWRP.mat using Guid(077a003b1de1e4c35923be7a21b5d948) Importer(815301076,1909f56bfc062723c751e8b465ee728b)  -> (artifact id: 'e7fde9497478fc2bdd979e60f920dd88') in 0.485751 seconds 
  Import took 0.489781 seconds .

========================================================================
Received Import Request.
  Time since last request: 0.000130 seconds.
  path: Packages/com.unity.probuilder/Content/Resources/Materials/InvisibleFace.mat
  artifactKey: Guid(978bbcf5050244f1b95128c04103f628) Importer(815301076,1909f56bfc062723c751e8b465ee728b)
Start importing Packages/com.unity.probuilder/Content/Resources/Materials/InvisibleFace.mat using Guid(978bbcf5050244f1b95128c04103f628) Importer(815301076,1909f56bfc062723c751e8b465ee728b)  -> (artifact id: '4db3b4551d3e7a89f4ba00bfeabac363') in 0.016156 seconds 
  Import took 0.020140 seconds .

========================================================================
Received Import Request.
  Time since last request: 0.000121 seconds.
  path: Assets/Materials/Realistic/Stone/Stone.mat
  artifactKey: Guid(6571c7ca9d1f6044b9d9c5b370585454) Importer(815301076,1909f56bfc062723c751e8b465ee728b)
Start importing Assets/Materials/Realistic/Stone/Stone.mat using Guid(6571c7ca9d1f6044b9d9c5b370585454) Importer(815301076,1909f56bfc062723c751e8b465ee728b)  -> (artifact id: 'fa62db7e82bfa1c11c667f948929c99a') in 0.045434 seconds 
  Import took 0.051699 seconds .

========================================================================
Received Import Request.
  Time since last request: 0.000137 seconds.
  path: Packages/com.unity.probuilder/Content/Resources/Materials/StandardVertexColorHDRP.mat
  artifactKey: Guid(c35693c079f3840f7938a4a323096e84) Importer(815301076,1909f56bfc062723c751e8b465ee728b)
Start importing Packages/com.unity.probuilder/Content/Resources/Materials/StandardVertexColorHDRP.mat using Guid(c35693c079f3840f7938a4a323096e84) Importer(815301076,1909f56bfc062723c751e8b465ee728b)  -> (artifact id: 'b28065759a8323479ae46e9501e0291f') in 0.013090 seconds 
  Import took 0.017067 seconds .

========================================================================
Received Import Request.
  Time since last request: 0.000128 seconds.
  path: Packages/com.unity.searcher/Editor/Resources/FlatSkin/Font/Roboto-Light.ttf
  artifactKey: Guid(2a29e27936eb547458f646f71125b264) Importer(815301076,1909f56bfc062723c751e8b465ee728b)
Start importing Packages/com.unity.searcher/Editor/Resources/FlatSkin/Font/Roboto-Light.ttf using Guid(2a29e27936eb547458f646f71125b264) Importer(815301076,1909f56bfc062723c751e8b465ee728b)  -> (artifact id: '4e8eeb625b48b888f41d7f464237c7b4') in 0.016677 seconds 
  Import took 0.020586 seconds .

========================================================================
Received Import Request.
  Time since last request: 0.000128 seconds.
  path: Assets/Samples/ProBuilder/4.5.2/Universal Render Pipeline Support/Material/ProBuilder Default URP.mat
  artifactKey: Guid(25a9fb42d361f46ad89221f6d301e96e) Importer(815301076,1909f56bfc062723c751e8b465ee728b)
Start importing Assets/Samples/ProBuilder/4.5.2/Universal Render Pipeline Support/Material/ProBuilder Default URP.mat using Guid(25a9fb42d361f46ad89221f6d301e96e) Importer(815301076,1909f56bfc062723c751e8b465ee728b)  -> (artifact id: 'a9c4eedd80206de0a13640729d07ed3a') in 0.014990 seconds 
  Import took 0.019024 seconds .

========================================================================
Received Import Request.
  Time since last request: 32.609423 seconds.
  path: Packages/com.unity.render-pipelines.universal/package.json
  artifactKey: Guid(30648b8d550465f4bb77f1e1afd0b37d) Importer(815301076,1909f56bfc062723c751e8b465ee728b)
Start importing Packages/com.unity.render-pipelines.universal/package.json using Guid(30648b8d550465f4bb77f1e1afd0b37d) Importer(815301076,1909f56bfc062723c751e8b465ee728b)  -> (artifact id: 'f0a8f4940cc6b0d2fe86ab0191f609b7') in 0.010673 seconds 
  Import took 0.014778 seconds .

========================================================================
Received Import Request.
  Time since last request: 4.690553 seconds.
  path: Packages/com.unity.ext.nunit/package.json
  artifactKey: Guid(8143d3a8390f2c64685e3bc272bd9e90) Importer(815301076,1909f56bfc062723c751e8b465ee728b)
Start importing Packages/com.unity.ext.nunit/package.json using Guid(8143d3a8390f2c64685e3bc272bd9e90) Importer(815301076,1909f56bfc062723c751e8b465ee728b)  -> (artifact id: 'cb16b6274f398fe0316083e0ca7bf149') in 0.007140 seconds 
  Import took 0.011086 seconds .

========================================================================
Received Import Request.
  Time since last request: 8.369321 seconds.
  path: Assets/Settings/UniversalRenderPipelineAsset.asset
  artifactKey: Guid(9d6a34b2243a45840badcfab8a158e03) Importer(815301076,1909f56bfc062723c751e8b465ee728b)
Start importing Assets/Settings/UniversalRenderPipelineAsset.asset using Guid(9d6a34b2243a45840badcfab8a158e03) Importer(815301076,1909f56bfc062723c751e8b465ee728b)  -> (artifact id: 'ec5261c28b73cbfa09204336a90eb8d6') in 0.002534 seconds 
  Import took 0.006857 seconds .

========================================================================
Received Import Request.
  Time since last request: 0.001865 seconds.
  path: Assets/Settings/UniversalRenderPipelineAsset.asset
  artifactKey: Guid(9d6a34b2243a45840badcfab8a158e03) Importer(815301076,1909f56bfc062723c751e8b465ee728b)
Start importing Assets/Settings/UniversalRenderPipelineAsset.asset using Guid(9d6a34b2243a45840badcfab8a158e03) Importer(815301076,1909f56bfc062723c751e8b465ee728b)  -> (artifact id: 'ec5261c28b73cbfa09204336a90eb8d6') in 0.002547 seconds 
  Import took 0.006547 seconds .

========================================================================
Received Import Request.
  Time since last request: 22.854397 seconds.
  path: Assets/Materials/Neon Pink.mat
  artifactKey: Guid(dc9e9b414b2460f4da9644005b570fc9) Importer(815301076,1909f56bfc062723c751e8b465ee728b)
Start importing Assets/Materials/Neon Pink.mat using Guid(dc9e9b414b2460f4da9644005b570fc9) Importer(815301076,1909f56bfc062723c751e8b465ee728b)  -> (artifact id: '3f3c0774b25999a39874427e5a25d85d') in 0.012710 seconds 
  Import took 0.016763 seconds .

========================================================================
Received Import Request.
  Time since last request: 114.188194 seconds.
  path: Assets/Materials/Neon Pink.mat
  artifactKey: Guid(dc9e9b414b2460f4da9644005b570fc9) Importer(815301076,1909f56bfc062723c751e8b465ee728b)
Start importing Assets/Materials/Neon Pink.mat using Guid(dc9e9b414b2460f4da9644005b570fc9) Importer(815301076,1909f56bfc062723c751e8b465ee728b)  -> (artifact id: '73340957904473359da356ffe36ff31b') in 0.011582 seconds 
  Import took 0.016096 seconds .

========================================================================
Received Import Request.
  Time since last request: 372.293108 seconds.
  path: Assets/Materials/Neon Pink.mat
  artifactKey: Guid(dc9e9b414b2460f4da9644005b570fc9) Importer(815301076,1909f56bfc062723c751e8b465ee728b)
Start importing Assets/Materials/Neon Pink.mat using Guid(dc9e9b414b2460f4da9644005b570fc9) Importer(815301076,1909f56bfc062723c751e8b465ee728b)  -> (artifact id: '76c99e859fbec2788fa57c930ece4d62') in 0.010503 seconds 
  Import took 0.015572 seconds .

========================================================================
Received Import Request.
  Time since last request: 0.000125 seconds.
  path: Assets/Materials/White.mat
  artifactKey: Guid(704048390bd8dad4bab12b85692eb089) Importer(815301076,1909f56bfc062723c751e8b465ee728b)
Start importing Assets/Materials/White.mat using Guid(704048390bd8dad4bab12b85692eb089) Importer(815301076,1909f56bfc062723c751e8b465ee728b)  -> (artifact id: '0ae6d4cafe9c8ac758f8ba567f594f77') in 0.008599 seconds 
  Import took 0.012751 seconds .

========================================================================
Received Import Request.
  Time since last request: 81.372139 seconds.
  path: Assets/Materials/Realistic/Asphalt/Asphalt.mat
  artifactKey: Guid(7951cbae7908e474f91d61b932cc0d55) Importer(815301076,1909f56bfc062723c751e8b465ee728b)
Start importing Assets/Materials/Realistic/Asphalt/Asphalt.mat using Guid(7951cbae7908e474f91d61b932cc0d55) Importer(815301076,1909f56bfc062723c751e8b465ee728b)  -> (artifact id: '686035ad057c93a9ff96893690bc084a') in 0.028608 seconds 
  Import took 0.034162 seconds .

========================================================================
Received Import Request.
  Time since last request: 0.000120 seconds.
  path: Assets/Materials/Plaster/Blue Plaster.mat
  artifactKey: Guid(7e4ab0e97cf797f4aac6f16a4ccbc048) Importer(815301076,1909f56bfc062723c751e8b465ee728b)
Start importing Assets/Materials/Plaster/Blue Plaster.mat using Guid(7e4ab0e97cf797f4aac6f16a4ccbc048) Importer(815301076,1909f56bfc062723c751e8b465ee728b)  -> (artifact id: '696bea27cc8beac46de1d3ca23feb93c') in 0.021436 seconds 
  Import took 0.025498 seconds .

AssetImportWorkerClient::OnTransportError - code=2 error=End of file
